#
# There is insufficient memory for the Java Runtime Environment to continue.
# Native memory allocation (malloc) failed to allocate 137363456 bytes for committing reserved memory.
# Possible reasons:
#   The system is out of physical RAM or swap space
#   In 32 bit mode, the process size limit was hit
# Possible solutions:
#   Reduce memory load on the system
#   Increase physical memory or swap space
#   Check if swap backing store is full
#   Use 64 bit Java on a 64 bit OS
#   Decrease Java heap size (-Xmx/-Xms)
#   Decrease number of Java threads
#   Decrease Java thread stack sizes (-Xss)
#   Set larger code cache with -XX:ReservedCodeCacheSize=
# This output file may be truncated or incomplete.
#
#  Out of Memory Error (os_linux.cpp:2798), pid=23344, tid=140482155001600
#
# JRE version: OpenJDK Runtime Environment (7.0_75-b13) (build 1.7.0_75-b13)
# Java VM: OpenJDK 64-Bit Server VM (24.75-b04 mixed mode linux-amd64 compressed oops)
# Derivative: IcedTea 2.5.4
# Distribution: Custom build (Fri Jan 23 11:00:44 UTC 2015)
# Failed to write core dump. Core dumps have been disabled. To enable core dumping, try "ulimit -c unlimited" before starting Java again
#

---------------  T H R E A D  ---------------

Current thread (0x00007fc488074000):  VMThread [stack: 0x00007fc48ce23000,0x00007fc48cf24000] [id=23352]

Stack: [0x00007fc48ce23000,0x00007fc48cf24000],  sp=0x00007fc48cf224e0,  free space=1021k
Native frames: (J=compiled Java code, j=interpreted, Vv=VM code, C=native code)
V  [libjvm.so+0x97dfb6]
V  [libjvm.so+0x48e252]
V  [libjvm.so+0x7f188b]
V  [libjvm.so+0x7ebffe]
V  [libjvm.so+0x85e83b]
V  [libjvm.so+0x85f6e3]
V  [libjvm.so+0x85fdfb]
V  [libjvm.so+0x85b809]
V  [libjvm.so+0x85bfe8]
V  [libjvm.so+0x813d53]
V  [libjvm.so+0x97f882]
V  [libjvm.so+0x984107]
V  [libjvm.so+0x9826fb]
V  [libjvm.so+0x982da6]
V  [libjvm.so+0x983271]
V  [libjvm.so+0x7ee7d2]

VM_Operation (0x00007fc47cdcb170): ParallelGCFailedAllocation, mode: safepoint, requested by thread 0x00007fc44000a800


---------------  P R O C E S S  ---------------

Java Threads: ( => current thread )
  0x00007fc43c478800 JavaThread "File lock request listener" [_thread_in_native, id=23373, stack(0x00007fc47ca63000,0x00007fc47cb64000)]
  0x00007fc43c25f800 JavaThread "process reaper" daemon [_thread_blocked, id=23371, stack(0x00007fc484020000,0x00007fc484059000)]
  0x00007fc43c03a000 JavaThread "Stdin handler" [_thread_blocked, id=23368, stack(0x00007fc47cbce000,0x00007fc47cccf000)]
  0x00007fc44000a800 JavaThread "Daemon worker" [_thread_blocked, id=23365, stack(0x00007fc47cccf000,0x00007fc47cdd0000)]
  0x00007fc440008000 JavaThread "Cancel handler" [_thread_blocked, id=23364, stack(0x00007fc47cdd0000,0x00007fc47ced1000)]
  0x00007fc440005800 JavaThread "Handler for socket connection from /127.0.0.1:50656 to /127.0.0.1:42798" [_thread_in_native, id=23363, stack(0x00007fc47ced1000,0x00007fc47cfd2000)]
  0x00007fc44c02a000 JavaThread "Daemon" [_thread_blocked, id=23362, stack(0x00007fc47cfd2000,0x00007fc47d0d3000)]
  0x00007fc488a0c800 JavaThread "Incoming local TCP Connector on port 50656" [_thread_in_native, id=23361, stack(0x00007fc47d0d3000,0x00007fc47d1d4000)]
  0x00007fc4880ad000 JavaThread "Service Thread" daemon [_thread_blocked, id=23358, stack(0x00007fc48c694000,0x00007fc48c795000)]
  0x00007fc4880ab000 JavaThread "C2 CompilerThread1" daemon [_thread_in_native, id=23357, stack(0x00007fc48c795000,0x00007fc48c896000)]
  0x00007fc4880a8000 JavaThread "C2 CompilerThread0" daemon [_thread_blocked, id=23356, stack(0x00007fc48c896000,0x00007fc48c997000)]
  0x00007fc4880a6000 JavaThread "Signal Dispatcher" daemon [_thread_blocked, id=23355, stack(0x00007fc48c997000,0x00007fc48ca98000)]
  0x00007fc48807a800 JavaThread "Finalizer" daemon [_thread_blocked, id=23354, stack(0x00007fc48cc21000,0x00007fc48cd22000)]
  0x00007fc488078800 JavaThread "Reference Handler" daemon [_thread_blocked, id=23353, stack(0x00007fc48cd22000,0x00007fc48ce23000)]
  0x00007fc488009000 JavaThread "main" [_thread_blocked, id=23347, stack(0x00007fc491a39000,0x00007fc491b3a000)]

Other Threads:
=>0x00007fc488074000 VMThread [stack: 0x00007fc48ce23000,0x00007fc48cf24000] [id=23352]
  0x00007fc4880b8000 WatcherThread [stack: 0x00007fc48c593000,0x00007fc48c694000] [id=23359]

VM state:at safepoint (normal execution)

VM Mutex/Monitor currently owned by a thread:  ([mutex/lock_event])
[0x00007fc4880068a0] Threads_lock - owner thread: 0x00007fc488074000
[0x00007fc488006da0] Heap_lock - owner thread: 0x00007fc44000a800

Heap
 PSYoungGen      total 134144K, used 13297K [0x00000000eaa80000, 0x00000000f3c80000, 0x0000000100000000)
  eden space 120832K, 0% used [0x00000000eaa80000,0x00000000eaa80000,0x00000000f2080000)
  from space 13312K, 99% used [0x00000000f2080000,0x00000000f2d7c5e0,0x00000000f2d80000)
  to   space 11264K, 0% used [0x00000000f2d80000,0x00000000f2d80000,0x00000000f3880000)
 ParOldGen       total 39936K, used 26660K [0x00000000c0000000, 0x00000000c2700000, 0x00000000eaa80000)
  object space 39936K, 66% used [0x00000000c0000000,0x00000000c1a09240,0x00000000c2700000)
 PSPermGen       total 35840K, used 35641K [0x00000000b0000000, 0x00000000b2300000, 0x00000000c0000000)
  object space 35840K, 99% used [0x00000000b0000000,0x00000000b22ce508,0x00000000b2300000)

Card table byte_map: [0x00007fc48ea25000,0x00007fc48eca6000] byte_map_base: 0x00007fc48e4a5000

Polling page: 0x00007fc491b66000

Code Cache  [0x00007fc485000000, 0x00007fc4852c0000, 0x00007fc488000000)
 total_blobs=1005 nmethods=410 adapters=548 free_code_cache=46423Kb largest_free_block=47472704

Compilation events (10 events):
Event: 6.053 Thread 0x00007fc4880a8000 nmethod 423 0x00007fc485250f90 code [0x00007fc4852510e0, 0x00007fc485251158]
Event: 6.053 Thread 0x00007fc4880a8000  424             org.gradle.internal.classloader.FilteringClassLoader::classAllowed (74 bytes)
Event: 6.078 Thread 0x00007fc4880a8000 nmethod 424 0x00007fc48524b310 code [0x00007fc48524b540, 0x00007fc48524c1c8]
Event: 6.078 Thread 0x00007fc4880a8000  425             java.util.HashMap$ValueIterator::next (8 bytes)
Event: 6.081 Thread 0x00007fc4880a8000 nmethod 425 0x00007fc48524af10 code [0x00007fc48524b060, 0x00007fc48524b1b8]
Event: 6.081 Thread 0x00007fc4880a8000  426             groovy.lang.MetaClassImpl::findPropertyMethod (356 bytes)
Event: 6.108 Thread 0x00007fc4880a8000 nmethod 426 0x00007fc48524d210 code [0x00007fc48524d4e0, 0x00007fc48524e248]
Event: 6.108 Thread 0x00007fc4880a8000  427             java.lang.Character::charCount (12 bytes)
Event: 6.108 Thread 0x00007fc4880a8000 nmethod 427 0x00007fc485250790 code [0x00007fc4852508c0, 0x00007fc485250918]
Event: 6.108 Thread 0x00007fc4880a8000  428             sun.reflect.generics.parser.SignatureParser::parsePackageNameAndSimpleClassTypeSignature (139 bytes)

GC Heap History (10 events):
Event: 0.756 GC heap after
Heap after GC invocations=2 (full 0):
 PSYoungGen      total 33280K, used 2160K [0x00000000eaa80000, 0x00000000ecd80000, 0x0000000100000000)
  eden space 30720K, 0% used [0x00000000eaa80000,0x00000000eaa80000,0x00000000ec880000)
  from space 2560K, 84% used [0x00000000ecb00000,0x00000000ecd1c320,0x00000000ecd80000)
  to   space 2560K, 0% used [0x00000000ec880000,0x00000000ec880000,0x00000000ecb00000)
 ParOldGen       total 39936K, used 591K [0x00000000c0000000, 0x00000000c2700000, 0x00000000eaa80000)
  object space 39936K, 1% used [0x00000000c0000000,0x00000000c0093d58,0x00000000c2700000)
 PSPermGen       total 21504K, used 7325K [0x00000000b0000000, 0x00000000b1500000, 0x00000000c0000000)
  object space 21504K, 34% used [0x00000000b0000000,0x00000000b0727438,0x00000000b1500000)
}
Event: 1.374 GC heap before
{Heap before GC invocations=3 (full 0):
 PSYoungGen      total 33280K, used 32880K [0x00000000eaa80000, 0x00000000ecd80000, 0x0000000100000000)
  eden space 30720K, 100% used [0x00000000eaa80000,0x00000000ec880000,0x00000000ec880000)
  from space 2560K, 84% used [0x00000000ecb00000,0x00000000ecd1c320,0x00000000ecd80000)
  to   space 2560K, 0% used [0x00000000ec880000,0x00000000ec880000,0x00000000ecb00000)
 ParOldGen       total 39936K, used 591K [0x00000000c0000000, 0x00000000c2700000, 0x00000000eaa80000)
  object space 39936K, 1% used [0x00000000c0000000,0x00000000c0093d58,0x00000000c2700000)
 PSPermGen       total 21504K, used 12873K [0x00000000b0000000, 0x00000000b1500000, 0x00000000c0000000)
  object space 21504K, 59% used [0x00000000b0000000,0x00000000b0c92768,0x00000000b1500000)
Event: 1.381 GC heap after
Heap after GC invocations=3 (full 0):
 PSYoungGen      total 33280K, used 2528K [0x00000000eaa80000, 0x00000000eeb80000, 0x0000000100000000)
  eden space 30720K, 0% used [0x00000000eaa80000,0x00000000eaa80000,0x00000000ec880000)
  from space 2560K, 98% used [0x00000000ec880000,0x00000000ecaf8118,0x00000000ecb00000)
  to   space 2560K, 0% used [0x00000000ee900000,0x00000000ee900000,0x00000000eeb80000)
 ParOldGen       total 39936K, used 4706K [0x00000000c0000000, 0x00000000c2700000, 0x00000000eaa80000)
  object space 39936K, 11% used [0x00000000c0000000,0x00000000c0498aa0,0x00000000c2700000)
 PSPermGen       total 21504K, used 12873K [0x00000000b0000000, 0x00000000b1500000, 0x00000000c0000000)
  object space 21504K, 59% used [0x00000000b0000000,0x00000000b0c92768,0x00000000b1500000)
}
Event: 1.804 GC heap before
{Heap before GC invocations=4 (full 0):
 PSYoungGen      total 33280K, used 33248K [0x00000000eaa80000, 0x00000000eeb80000, 0x0000000100000000)
  eden space 30720K, 100% used [0x00000000eaa80000,0x00000000ec880000,0x00000000ec880000)
  from space 2560K, 98% used [0x00000000ec880000,0x00000000ecaf8118,0x00000000ecb00000)
  to   space 2560K, 0% used [0x00000000ee900000,0x00000000ee900000,0x00000000eeb80000)
 ParOldGen       total 39936K, used 4706K [0x00000000c0000000, 0x00000000c2700000, 0x00000000eaa80000)
  object space 39936K, 11% used [0x00000000c0000000,0x00000000c0498aa0,0x00000000c2700000)
 PSPermGen       total 21504K, used 17850K [0x00000000b0000000, 0x00000000b1500000, 0x00000000c0000000)
  object space 21504K, 83% used [0x00000000b0000000,0x00000000b116ebc0,0x00000000b1500000)
Event: 1.814 GC heap after
Heap after GC invocations=4 (full 0):
 PSYoungGen      total 64000K, used 2528K [0x00000000eaa80000, 0x00000000eeb80000, 0x0000000100000000)
  eden space 61440K, 0% used [0x00000000eaa80000,0x00000000eaa80000,0x00000000ee680000)
  from space 2560K, 98% used [0x00000000ee900000,0x00000000eeb78020,0x00000000eeb80000)
  to   space 2560K, 0% used [0x00000000ee680000,0x00000000ee680000,0x00000000ee900000)
 ParOldGen       total 39936K, used 8991K [0x00000000c0000000, 0x00000000c2700000, 0x00000000eaa80000)
  object space 39936K, 22% used [0x00000000c0000000,0x00000000c08c7c08,0x00000000c2700000)
 PSPermGen       total 21504K, used 17850K [0x00000000b0000000, 0x00000000b1500000, 0x00000000c0000000)
  object space 21504K, 83% used [0x00000000b0000000,0x00000000b116ebc0,0x00000000b1500000)
}
Event: 2.580 GC heap before
{Heap before GC invocations=5 (full 0):
 PSYoungGen      total 64000K, used 63968K [0x00000000eaa80000, 0x00000000eeb80000, 0x0000000100000000)
  eden space 61440K, 100% used [0x00000000eaa80000,0x00000000ee680000,0x00000000ee680000)
  from space 2560K, 98% used [0x00000000ee900000,0x00000000eeb78020,0x00000000eeb80000)
  to   space 2560K, 0% used [0x00000000ee680000,0x00000000ee680000,0x00000000ee900000)
 ParOldGen       total 39936K, used 8991K [0x00000000c0000000, 0x00000000c2700000, 0x00000000eaa80000)
  object space 39936K, 22% used [0x00000000c0000000,0x00000000c08c7c08,0x00000000c2700000)
 PSPermGen       total 23040K, used 22954K [0x00000000b0000000, 0x00000000b1680000, 0x00000000c0000000)
  object space 23040K, 99% used [0x00000000b0000000,0x00000000b166abe8,0x00000000b1680000)
Event: 2.591 GC heap after
Heap after GC invocations=5 (full 0):
 PSYoungGen      total 64000K, used 2560K [0x00000000eaa80000, 0x00000000f3880000, 0x0000000100000000)
  eden space 61440K, 0% used [0x00000000eaa80000,0x00000000eaa80000,0x00000000ee680000)
  from space 2560K, 100% used [0x00000000ee680000,0x00000000ee900000,0x00000000ee900000)
  to   space 11264K, 0% used [0x00000000f2d80000,0x00000000f2d80000,0x00000000f3880000)
 ParOldGen       total 39936K, used 15994K [0x00000000c0000000, 0x00000000c2700000, 0x00000000eaa80000)
  object space 39936K, 40% used [0x00000000c0000000,0x00000000c0f9eb38,0x00000000c2700000)
 PSPermGen       total 23040K, used 22954K [0x00000000b0000000, 0x00000000b1680000, 0x00000000c0000000)
  object space 23040K, 99% used [0x00000000b0000000,0x00000000b166abe8,0x00000000b1680000)
}
Event: 3.577 GC heap before
{Heap before GC invocations=6 (full 0):
 PSYoungGen      total 64000K, used 64000K [0x00000000eaa80000, 0x00000000f3880000, 0x0000000100000000)
  eden space 61440K, 100% used [0x00000000eaa80000,0x00000000ee680000,0x00000000ee680000)
  from space 2560K, 100% used [0x00000000ee680000,0x00000000ee900000,0x00000000ee900000)
  to   space 11264K, 0% used [0x00000000f2d80000,0x00000000f2d80000,0x00000000f3880000)
 ParOldGen       total 39936K, used 15994K [0x00000000c0000000, 0x00000000c2700000, 0x00000000eaa80000)
  object space 39936K, 40% used [0x00000000c0000000,0x00000000c0f9eb38,0x00000000c2700000)
 PSPermGen       total 29184K, used 28881K [0x00000000b0000000, 0x00000000b1c80000, 0x00000000c0000000)
  object space 29184K, 98% used [0x00000000b0000000,0x00000000b1c34798,0x00000000b1c80000)
Event: 3.592 GC heap after
Heap after GC invocations=6 (full 0):
 PSYoungGen      total 132096K, used 10397K [0x00000000eaa80000, 0x00000000f3c80000, 0x0000000100000000)
  eden space 120832K, 0% used [0x00000000eaa80000,0x00000000eaa80000,0x00000000f2080000)
  from space 11264K, 92% used [0x00000000f2d80000,0x00000000f37a7470,0x00000000f3880000)
  to   space 13312K, 0% used [0x00000000f2080000,0x00000000f2080000,0x00000000f2d80000)
 ParOldGen       total 39936K, used 16066K [0x00000000c0000000, 0x00000000c2700000, 0x00000000eaa80000)
  object space 39936K, 40% used [0x00000000c0000000,0x00000000c0fb0b48,0x00000000c2700000)
 PSPermGen       total 29184K, used 28881K [0x00000000b0000000, 0x00000000b1c80000, 0x00000000c0000000)
  object space 29184K, 98% used [0x00000000b0000000,0x00000000b1c34798,0x00000000b1c80000)
}
Event: 6.125 GC heap before
{Heap before GC invocations=7 (full 0):
 PSYoungGen      total 132096K, used 131229K [0x00000000eaa80000, 0x00000000f3c80000, 0x0000000100000000)
  eden space 120832K, 100% used [0x00000000eaa80000,0x00000000f2080000,0x00000000f2080000)
  from space 11264K, 92% used [0x00000000f2d80000,0x00000000f37a7470,0x00000000f3880000)
  to   space 13312K, 0% used [0x00000000f2080000,0x00000000f2080000,0x00000000f2d80000)
 ParOldGen       total 39936K, used 16066K [0x00000000c0000000, 0x00000000c2700000, 0x00000000eaa80000)
  object space 39936K, 40% used [0x00000000c0000000,0x00000000c0fb0b48,0x00000000c2700000)
 PSPermGen       total 35840K, used 35641K [0x00000000b0000000, 0x00000000b2300000, 0x00000000c0000000)
  object space 35840K, 99% used [0x00000000b0000000,0x00000000b22ce508,0x00000000b2300000)

Deoptimization events (10 events):
Event: 4.428 Thread 0x00007fc44000a800 Uncommon trap: reason=unloaded action=reinterpret pc=0x00007fc48524064c method=groovy.lang.MetaClassImpl.checkIfStdMethod(Lgroovy/lang/MetaMethod;)V @ 171
Event: 4.433 Thread 0x00007fc44000a800 Uncommon trap: reason=unloaded action=reinterpret pc=0x00007fc4852338e0 method=groovy.lang.MetaClassImpl.checkIfStdMethod(Lgroovy/lang/MetaMethod;)V @ 171
Event: 4.480 Thread 0x00007fc44000a800 Uncommon trap: reason=unreached action=reinterpret pc=0x00007fc4850cf570 method=java.lang.AbstractStringBuilder.append(Ljava/lang/String;)Ljava/lang/AbstractStringBuilder; @ 1
Event: 5.445 Thread 0x00007fc44000a800 Uncommon trap: reason=null_check action=make_not_entrant pc=0x00007fc48525d3b8 method=com.sun.beans.WeakCache.get(Ljava/lang/Object;)Ljava/lang/Object; @ 10
Event: 5.531 Thread 0x00007fc44000a800 Uncommon trap: reason=class_check action=maybe_recompile pc=0x00007fc48507a450 method=java.util.regex.Pattern$Slice.match(Ljava/util/regex/Matcher;ILjava/lang/CharSequence;)Z @ 75
Event: 5.943 Thread 0x00007fc44000a800 Uncommon trap: reason=class_check action=maybe_recompile pc=0x00007fc48507a450 method=java.util.regex.Pattern$Slice.match(Ljava/util/regex/Matcher;ILjava/lang/CharSequence;)Z @ 75
Event: 6.053 Thread 0x00007fc44000a800 Uncommon trap: reason=array_check action=maybe_recompile pc=0x00007fc485251f14 method=java.util.ComparableTimSort.binarySort([Ljava/lang/Object;III)V @ 193
Event: 6.101 Thread 0x00007fc44000a800 Uncommon trap: reason=array_check action=maybe_recompile pc=0x00007fc485251fdc method=java.util.ComparableTimSort.binarySort([Ljava/lang/Object;III)V @ 183
Event: 6.102 Thread 0x00007fc44000a800 Uncommon trap: reason=array_check action=maybe_recompile pc=0x00007fc485251f14 method=java.util.ComparableTimSort.binarySort([Ljava/lang/Object;III)V @ 193
Event: 6.102 Thread 0x00007fc44000a800 Uncommon trap: reason=array_check action=maybe_recompile pc=0x00007fc485251f14 method=java.util.ComparableTimSort.binarySort([Ljava/lang/Object;III)V @ 193

Internal exceptions (10 events):
Event: 6.110 Thread 0x00007fc44000a800 Threw 0x00000000f1ffad60 at /build/java7-openjdk/src/icedtea-2.5.4/openjdk/hotspot/src/share/vm/prims/jvm.cpp:1284
Event: 6.110 Thread 0x00007fc44000a800 Threw 0x00000000f1ffbaa8 at /build/java7-openjdk/src/icedtea-2.5.4/openjdk/hotspot/src/share/vm/prims/jvm.cpp:1284
Event: 6.110 Thread 0x00007fc44000a800 Threw 0x00000000f2001c50 at /build/java7-openjdk/src/icedtea-2.5.4/openjdk/hotspot/src/share/vm/prims/jvm.cpp:1284
Event: 6.110 Thread 0x00007fc44000a800 Threw 0x00000000f2002118 at /build/java7-openjdk/src/icedtea-2.5.4/openjdk/hotspot/src/share/vm/classfile/systemDictionary.cpp:185
Event: 6.114 Thread 0x00007fc44000a800 Threw 0x00000000f2024fb8 at /build/java7-openjdk/src/icedtea-2.5.4/openjdk/hotspot/src/share/vm/prims/jvm.cpp:1284
Event: 6.114 Thread 0x00007fc44000a800 Threw 0x00000000f202ae68 at /build/java7-openjdk/src/icedtea-2.5.4/openjdk/hotspot/src/share/vm/prims/jvm.cpp:1284
Event: 6.115 Thread 0x00007fc44000a800 Threw 0x00000000f202be20 at /build/java7-openjdk/src/icedtea-2.5.4/openjdk/hotspot/src/share/vm/prims/jvm.cpp:1284
Event: 6.115 Thread 0x00007fc44000a800 Threw 0x00000000f202cc00 at /build/java7-openjdk/src/icedtea-2.5.4/openjdk/hotspot/src/share/vm/prims/jvm.cpp:1284
Event: 6.115 Thread 0x00007fc44000a800 Threw 0x00000000f2033888 at /build/java7-openjdk/src/icedtea-2.5.4/openjdk/hotspot/src/share/vm/prims/jvm.cpp:1284
Event: 6.115 Thread 0x00007fc44000a800 Threw 0x00000000f2033d68 at /build/java7-openjdk/src/icedtea-2.5.4/openjdk/hotspot/src/share/vm/classfile/systemDictionary.cpp:185

Events (10 events):
Event: 6.110 loading class 0x00007fc43c98b100 done
Event: 6.110 loading class 0x00007fc43c98b100
Event: 6.110 loading class 0x00007fc43c98b100 done
Event: 6.114 loading class 0x00007fc43c98b150
Event: 6.114 loading class 0x00007fc43c98b150 done
Event: 6.115 loading class 0x00007fc43c98b150
Event: 6.115 loading class 0x00007fc43c98b150 done
Event: 6.115 loading class 0x00007fc43c98b150
Event: 6.115 loading class 0x00007fc43c98b150 done
Event: 6.125 Executing VM operation: ParallelGCFailedAllocation


Dynamic libraries:
00400000-00401000 r-xp 00000000 08:02 272549                             /usr/lib/jvm/java-7-openjdk/jre/bin/java
00600000-00601000 rw-p 00000000 08:02 272549                             /usr/lib/jvm/java-7-openjdk/jre/bin/java
0148b000-014ac000 rw-p 00000000 00:00 0                                  [heap]
b0000000-b2300000 rw-p 00000000 00:00 0 
b2300000-c0000000 rw-p 00000000 00:00 0 
c0000000-c2700000 rw-p 00000000 00:00 0 
c2700000-eaa80000 rw-p 00000000 00:00 0 
eaa80000-f3c80000 rw-p 00000000 00:00 0 
fbf80000-100000000 rw-p 00000000 00:00 0 
7fc428000000-7fc428021000 rw-p 00000000 00:00 0 
7fc428021000-7fc42c000000 ---p 00000000 00:00 0 
7fc430000000-7fc430021000 rw-p 00000000 00:00 0 
7fc430021000-7fc434000000 ---p 00000000 00:00 0 
7fc434000000-7fc434021000 rw-p 00000000 00:00 0 
7fc434021000-7fc438000000 ---p 00000000 00:00 0 
7fc438000000-7fc438021000 rw-p 00000000 00:00 0 
7fc438021000-7fc43c000000 ---p 00000000 00:00 0 
7fc43c000000-7fc43ccc9000 rw-p 00000000 00:00 0 
7fc43ccc9000-7fc440000000 ---p 00000000 00:00 0 
7fc440000000-7fc440021000 rw-p 00000000 00:00 0 
7fc440021000-7fc444000000 ---p 00000000 00:00 0 
7fc444000000-7fc444021000 rw-p 00000000 00:00 0 
7fc444021000-7fc448000000 ---p 00000000 00:00 0 
7fc448000000-7fc448021000 rw-p 00000000 00:00 0 
7fc448021000-7fc44c000000 ---p 00000000 00:00 0 
7fc44c000000-7fc44c02e000 rw-p 00000000 00:00 0 
7fc44c02e000-7fc450000000 ---p 00000000 00:00 0 
7fc450000000-7fc451224000 rw-p 00000000 00:00 0 
7fc451224000-7fc454000000 ---p 00000000 00:00 0 
7fc454000000-7fc454021000 rw-p 00000000 00:00 0 
7fc454021000-7fc458000000 ---p 00000000 00:00 0 
7fc458000000-7fc458021000 rw-p 00000000 00:00 0 
7fc458021000-7fc45c000000 ---p 00000000 00:00 0 
7fc45c000000-7fc45d488000 rw-p 00000000 00:00 0 
7fc45d488000-7fc460000000 ---p 00000000 00:00 0 
7fc460000000-7fc460021000 rw-p 00000000 00:00 0 
7fc460021000-7fc464000000 ---p 00000000 00:00 0 
7fc464000000-7fc464021000 rw-p 00000000 00:00 0 
7fc464021000-7fc468000000 ---p 00000000 00:00 0 
7fc468000000-7fc468021000 rw-p 00000000 00:00 0 
7fc468021000-7fc46c000000 ---p 00000000 00:00 0 
7fc46c000000-7fc46c021000 rw-p 00000000 00:00 0 
7fc46c021000-7fc470000000 ---p 00000000 00:00 0 
7fc470000000-7fc470021000 rw-p 00000000 00:00 0 
7fc470021000-7fc474000000 ---p 00000000 00:00 0 
7fc478000000-7fc478021000 rw-p 00000000 00:00 0 
7fc478021000-7fc47c000000 ---p 00000000 00:00 0 
7fc47c777000-7fc47c979000 rw-p 00000000 00:00 0 
7fc47c979000-7fc47c981000 r--s 000a8000 08:12 1576599                    /home/tammen/.gradle/caches/modules-2/files-2.1/com.android.tools.external.lombok/lombok-ast/0.2.3/528b6f8bde3157f17530aa366631f2aad2a6cf9/lombok-ast-0.2.3.jar
7fc47c981000-7fc47c983000 r--s 0000d000 08:12 1576597                    /home/tammen/.gradle/caches/modules-2/files-2.1/commons-codec/commons-codec/1.4/4216af16d38465bbab0f3dff8efa14204f7a399a/commons-codec-1.4.jar
7fc47c983000-7fc47c985000 r--s 0000d000 08:12 1576595                    /home/tammen/.gradle/caches/modules-2/files-2.1/commons-logging/commons-logging/1.1.1/5043bfebc3db072ed80fbd362e7caf00e885d8ae/commons-logging-1.1.1.jar
7fc47c985000-7fc47c98a000 r--s 00028000 08:12 1576593                    /home/tammen/.gradle/caches/modules-2/files-2.1/org.apache.httpcomponents/httpcore/4.1/33fc26c02f8043ab0ede19eadc8c9885386b255c/httpcore-4.1.jar
7fc47c98a000-7fc47c98b000 r--s 00004000 08:12 1576591                    /home/tammen/.gradle/caches/modules-2/files-2.1/org.ow2.asm/asm-analysis/5.0.3/c7126aded0e8e13fed5f913559a0dd7b770a10f3/asm-analysis-5.0.3.jar
7fc47c98b000-7fc47c98e000 r--s 0002b000 08:12 1576589                    /home/tammen/.gradle/caches/modules-2/files-2.1/com.android.tools.lint/lint-api/24.1.0/9a6402908bd51daff42be25133460d41ebf87aa5/lint-api-24.1.0.jar
7fc47c98e000-7fc47c98f000 r--s 0000a000 08:12 1576587                    /home/tammen/.gradle/caches/modules-2/files-2.1/net.sf.kxml/kxml2/2.3.0/ccbc77a5fd907ef863c29f3596c6f54ffa4e9442/kxml2-2.3.0.jar
7fc47c98f000-7fc47c9ba000 r--s 001f9000 08:12 1576585                    /home/tammen/.gradle/caches/modules-2/files-2.1/com.google.guava/guava/17.0/9c6ef172e8de35fd8d4d8783e4821e57cdef7445/guava-17.0.jar
7fc47c9ba000-7fc47c9bf000 r--s 0002a000 08:12 1576583                    /home/tammen/.gradle/caches/modules-2/files-2.1/com.google.code.gson/gson/2.2.4/a60a5e993c98c864010053cb901b7eab25306568/gson-2.2.4.jar
7fc47c9bf000-7fc47c9c1000 r--s 00005000 08:12 1576581                    /home/tammen/.gradle/caches/modules-2/files-2.1/org.apache.httpcomponents/httpmime/4.1/9ba2dcdf94ce35c8a8e9bff242db0618ca932e92/httpmime-4.1.jar
7fc47c9c1000-7fc47c9c9000 r--s 0004e000 08:12 1576579                    /home/tammen/.gradle/caches/modules-2/files-2.1/org.apache.httpcomponents/httpclient/4.1.1/3d1d918f32709e33ba7ddb2c4e8d1c543ebe713e/httpclient-4.1.1.jar
7fc47c9c9000-7fc47c9d0000 r--s 00053000 08:12 1576577                    /home/tammen/.gradle/caches/modules-2/files-2.1/org.apache.commons/commons-compress/1.8.1/a698750c16740fd5b3871425f4cb3bbaa87f529d/commons-compress-1.8.1.jar
7fc47c9d0000-7fc47c9d1000 r--s 00005000 08:12 1576575                    /home/tammen/.gradle/caches/modules-2/files-2.1/com.android.tools/dvlib/24.1.0/4b9aacb441f6606c1db38e9439835051c9de949d/dvlib-24.1.0.jar
7fc47c9d1000-7fc47c9d4000 r--s 00012000 08:12 1576573                    /home/tammen/.gradle/caches/modules-2/files-2.1/com.android.tools.layoutlib/layoutlib-api/24.1.0/63415f186b7b45f484b4f30e397d896161a2007e/layoutlib-api-24.1.0.jar
7fc47c9d4000-7fc47c9d5000 r--s 00001000 08:12 1576571                    /home/tammen/.gradle/caches/modules-2/files-2.1/com.android.tools/annotations/24.1.0/c46621fcff318b446a44c2c6a8955fad55943d9d/annotations-24.1.0.jar
7fc47c9d5000-7fc47c9e5000 r--s 000d3000 08:12 1576569                    /home/tammen/.gradle/caches/modules-2/files-2.1/net.sf.proguard/proguard-base/5.1/dc606dd778fe4685be16d5a171782ccfe0ef5637/proguard-base-5.1.jar
7fc47c9e5000-7fc47c9f7000 r--s 00220000 08:12 1576567                    /home/tammen/.gradle/caches/modules-2/files-2.1/org.eclipse.jdt.core.compiler/ecj/4.4/fe0a961ce7cca03dd3c9b3775c0133229e8231a6/ecj-4.4.jar
7fc47c9f7000-7fc47c9fc000 r--s 00091000 08:12 1576565                    /home/tammen/.gradle/caches/modules-2/files-2.1/com.android.tools.lint/lint-checks/24.1.0/c394f6a07698272eda27e91007f9ec409bc7a9d7/lint-checks-24.1.0.jar
7fc47c9fc000-7fc47c9fe000 r--s 00006000 08:12 1576563                    /home/tammen/.gradle/caches/modules-2/files-2.1/org.ow2.asm/asm-tree/5.0.3/287749b48ba7162fb67c93a026d690b29f410bed/asm-tree-5.0.3.jar
7fc47c9fe000-7fc47c9ff000 r--s 0000c000 08:12 1576561                    /home/tammen/.gradle/caches/modules-2/files-2.1/org.ow2.asm/asm/5.0.3/dcc2193db20e19e1feca8b1240dbbc4e190824fa/asm-5.0.3.jar
7fc47c9ff000-7fc47ca32000 r--s 00203000 08:12 1576559                    /home/tammen/.gradle/caches/modules-2/files-2.1/org.bouncycastle/bcprov-jdk15on/1.48/960dea7c9181ba0b17e8bab0c06a43f0a5f04e65/bcprov-jdk15on-1.48.jar
7fc47ca32000-7fc47ca40000 r--s 00081000 08:12 1576557                    /home/tammen/.gradle/caches/modules-2/files-2.1/org.bouncycastle/bcpkix-jdk15on/1.48/28b7614b908a47844bb27e3c94b45b6893656265/bcpkix-jdk15on-1.48.jar
7fc47ca40000-7fc47ca42000 r--s 00002000 08:12 1185783                    /home/tammen/.gradle/caches/modules-2/files-2.1/com.squareup/javawriter/2.5.0/81241ff7078ef14f42ea2a8995fa09c096256e6b/javawriter-2.5.0.jar
7fc47ca42000-7fc47ca47000 r--s 00042000 08:12 1185781                    /home/tammen/.gradle/caches/modules-2/files-2.1/com.android.tools.ddms/ddmlib/24.1.0/4bc7008e373e3ebf21bfce712ce608958b33ed5f/ddmlib-24.1.0.jar
7fc47ca47000-7fc47ca4b000 r--s 00029000 08:12 1055481                    /home/tammen/.gradle/caches/modules-2/files-2.1/com.android.tools.build/manifest-merger/24.1.0/a832aa3ca2490f2f136031e677d28fdadaa5dfdd/manifest-merger-24.1.0.jar
7fc47ca4b000-7fc47ca4d000 r--s 00012000 08:12 1055479                    /home/tammen/.gradle/caches/modules-2/files-2.1/com.android.tools/common/24.1.0/9286b07233acf19ab794ca2a3c2d34e322fe686c/common-24.1.0.jar
7fc47ca4d000-7fc47ca54000 r--s 0005e000 08:12 927609                     /home/tammen/.gradle/caches/modules-2/files-2.1/com.android.tools/sdk-common/24.1.0/3a9865958bd5cffe94bfcd2e4982bec361b20132/sdk-common-24.1.0.jar
7fc47ca54000-7fc47ca5d000 r--s 000a9000 08:12 927607                     /home/tammen/.gradle/caches/modules-2/files-2.1/com.android.tools/sdklib/24.1.0/b018c7d1b32bb94513df6f86e4d0172e05c88502/sdklib-24.1.0.jar
7fc47ca5d000-7fc47ca5e000 r--s 00002000 08:12 812295                     /home/tammen/.gradle/caches/modules-2/files-2.1/com.android.tools.build/builder-test-api/1.1.0/3d7a12067241871da8e3b8068d04115b8d674fc0/builder-test-api-1.1.0.jar
7fc47ca5e000-7fc47ca60000 r--s 00004000 08:12 812293                     /home/tammen/.gradle/caches/modules-2/files-2.1/com.android.tools.build/builder-model/1.1.0/2d6509052ec50b7a4656c43a92a6550c88dc7a97/builder-model-1.1.0.jar
7fc47ca60000-7fc47ca61000 r--s 00002000 08:12 812291                     /home/tammen/.gradle/caches/modules-2/files-2.1/net.sf.proguard/proguard-gradle/5.1/672d43cbfde4765080e5bea19c51a2cc45dfc00/proguard-gradle-5.1.jar
7fc47ca61000-7fc47ca63000 r--s 0001a000 08:12 659589                     /home/tammen/.gradle/caches/modules-2/files-2.1/com.android.tools.lint/lint/24.1.0/b290f4004a5629272c418817af2899532074484/lint-24.1.0.jar
7fc47ca63000-7fc47ca66000 ---p 00000000 00:00 0 
7fc47ca66000-7fc47cb64000 rw-p 00000000 00:00 0                          [stack:23373]
7fc47cb64000-7fc47cbce000 r--s 0069e000 08:02 272609                     /usr/lib/jvm/java-7-openjdk/lib/tools.jar
7fc47cbce000-7fc47cbd1000 ---p 00000000 00:00 0 
7fc47cbd1000-7fc47cccf000 rw-p 00000000 00:00 0                          [stack:23368]
7fc47cccf000-7fc47ccd2000 ---p 00000000 00:00 0 
7fc47ccd2000-7fc47cdd0000 rw-p 00000000 00:00 0                          [stack:23365]
7fc47cdd0000-7fc47cdd3000 ---p 00000000 00:00 0 
7fc47cdd3000-7fc47ced1000 rw-p 00000000 00:00 0                          [stack:23364]
7fc47ced1000-7fc47ced4000 ---p 00000000 00:00 0 
7fc47ced4000-7fc47cfd2000 rw-p 00000000 00:00 0                          [stack:23363]
7fc47cfd2000-7fc47cfd5000 ---p 00000000 00:00 0 
7fc47cfd5000-7fc47d0d3000 rw-p 00000000 00:00 0                          [stack:23362]
7fc47d0d3000-7fc47d0d6000 ---p 00000000 00:00 0 
7fc47d0d6000-7fc47d1d4000 rw-p 00000000 00:00 0                          [stack:23361]
7fc47d1d4000-7fc47d1d8000 r-xp 00000000 00:21 52                         /tmp/native-platform2244331062017899724dir/libnative-platform.so
7fc47d1d8000-7fc47d3d7000 ---p 00004000 00:21 52                         /tmp/native-platform2244331062017899724dir/libnative-platform.so
7fc47d3d7000-7fc47d3d8000 rw-p 00003000 00:21 52                         /tmp/native-platform2244331062017899724dir/libnative-platform.so
7fc47d3d8000-7fc47d3e8000 r-xp 00000000 08:02 272518                     /usr/lib/jvm/java-7-openjdk/jre/lib/amd64/libnio.so
7fc47d3e8000-7fc47d5e8000 ---p 00010000 08:02 272518                     /usr/lib/jvm/java-7-openjdk/jre/lib/amd64/libnio.so
7fc47d5e8000-7fc47d5e9000 rw-p 00010000 08:02 272518                     /usr/lib/jvm/java-7-openjdk/jre/lib/amd64/libnio.so
7fc47d5e9000-7fc47d5fd000 r-xp 00000000 08:02 3025472                    /usr/lib/libresolv-2.21.so
7fc47d5fd000-7fc47d7fc000 ---p 00014000 08:02 3025472                    /usr/lib/libresolv-2.21.so
7fc47d7fc000-7fc47d7fd000 r--p 00013000 08:02 3025472                    /usr/lib/libresolv-2.21.so
7fc47d7fd000-7fc47d7fe000 rw-p 00014000 08:02 3025472                    /usr/lib/libresolv-2.21.so
7fc47d7fe000-7fc480000000 rw-p 00000000 00:00 0 
7fc480000000-7fc480021000 rw-p 00000000 00:00 0 
7fc480021000-7fc484000000 ---p 00000000 00:00 0 
7fc484000000-7fc484005000 r--s 00034000 08:12 659587                     /home/tammen/.gradle/caches/modules-2/files-2.1/com.android.tools.build/builder/1.1.0/4a93937fea291dda4429a8edac37941f823b63a0/builder-1.1.0.jar
7fc484005000-7fc484016000 r--s 00140000 08:12 659585                     /home/tammen/.gradle/caches/modules-2/files-2.1/com.android.tools.build/gradle-core/1.1.0/8bffc0f7a182f540c6876279eb0ae36d8b5e046/gradle-core-1.1.0.jar
7fc484016000-7fc484017000 r--s 00009000 08:12 534060                     /home/tammen/.gradle/caches/modules-2/files-2.1/com.android.tools.build/gradle/1.1.0/522472f1302bfd203089d31fe1eb08b789f28f2f/gradle-1.1.0.jar
7fc484017000-7fc484020000 r--s 000b9000 08:02 272044                     /usr/lib/jvm/java-7-openjdk/jre/lib/resources.jar
7fc484020000-7fc484023000 ---p 00000000 00:00 0 
7fc484023000-7fc484059000 rw-p 00000000 00:00 0                          [stack:23371]
7fc484059000-7fc48405a000 r--p 00000000 00:00 0 
7fc48405a000-7fc48405e000 r--s 0004d000 08:02 272045                     /usr/lib/jvm/java-7-openjdk/jre/lib/jsse.jar
7fc48405e000-7fc484060000 r--s 00002000 08:12 533368                     /home/tammen/.gradle/wrapper/dists/gradle-2.2.1-all/c64ydeuardnfqctvr1gm30w53/gradle-2.2.1/lib/plugins/gradle-cunit-2.2.1.jar
7fc484060000-7fc484065000 r--s 00036000 08:12 533367                     /home/tammen/.gradle/wrapper/dists/gradle-2.2.1-all/c64ydeuardnfqctvr1gm30w53/gradle-2.2.1/lib/plugins/gradle-ide-native-2.2.1.jar
7fc484065000-7fc48406a000 r--s 00013000 08:12 533366                     /home/tammen/.gradle/wrapper/dists/gradle-2.2.1-all/c64ydeuardnfqctvr1gm30w53/gradle-2.2.1/lib/plugins/gradle-language-native-2.2.1.jar
7fc48406a000-7fc484075000 r--s 0004d000 08:12 533365                     /home/tammen/.gradle/wrapper/dists/gradle-2.2.1-all/c64ydeuardnfqctvr1gm30w53/gradle-2.2.1/lib/plugins/gradle-platform-native-2.2.1.jar
7fc484075000-7fc484077000 r--s 00008000 08:12 533364                     /home/tammen/.gradle/wrapper/dists/gradle-2.2.1-all/c64ydeuardnfqctvr1gm30w53/gradle-2.2.1/lib/plugins/gradle-language-groovy-2.2.1.jar
7fc484077000-7fc48407c000 r--s 00022000 08:12 533363                     /home/tammen/.gradle/wrapper/dists/gradle-2.2.1-all/c64ydeuardnfqctvr1gm30w53/gradle-2.2.1/lib/plugins/gradle-language-java-2.2.1.jar
7fc48407c000-7fc48407f000 r--s 00007000 08:12 533362                     /home/tammen/.gradle/wrapper/dists/gradle-2.2.1-all/c64ydeuardnfqctvr1gm30w53/gradle-2.2.1/lib/plugins/gradle-language-jvm-2.2.1.jar
7fc48407f000-7fc484082000 r--s 00009000 08:12 533361                     /home/tammen/.gradle/wrapper/dists/gradle-2.2.1-all/c64ydeuardnfqctvr1gm30w53/gradle-2.2.1/lib/plugins/gradle-platform-jvm-2.2.1.jar
7fc484082000-7fc484087000 r--s 00018000 08:12 533360                     /home/tammen/.gradle/wrapper/dists/gradle-2.2.1-all/c64ydeuardnfqctvr1gm30w53/gradle-2.2.1/lib/plugins/gradle-platform-base-2.2.1.jar
7fc484087000-7fc48408c000 r--s 00026000 08:12 533359                     /home/tammen/.gradle/wrapper/dists/gradle-2.2.1-all/c64ydeuardnfqctvr1gm30w53/gradle-2.2.1/lib/plugins/gradle-build-init-2.2.1.jar
7fc48408c000-7fc48408f000 r--s 0001d000 08:12 533358                     /home/tammen/.gradle/wrapper/dists/gradle-2.2.1-all/c64ydeuardnfqctvr1gm30w53/gradle-2.2.1/lib/plugins/gradle-jacoco-2.2.1.jar
7fc48408f000-7fc484092000 r--s 0000d000 08:12 533357                     /home/tammen/.gradle/wrapper/dists/gradle-2.2.1-all/c64ydeuardnfqctvr1gm30w53/gradle-2.2.1/lib/plugins/gradle-ivy-2.2.1.jar
7fc484092000-7fc484094000 r--s 00002000 08:12 533356                     /home/tammen/.gradle/wrapper/dists/gradle-2.2.1-all/c64ydeuardnfqctvr1gm30w53/gradle-2.2.1/lib/plugins/gradle-publish-2.2.1.jar
7fc484094000-7fc484096000 r--s 00005000 08:12 533394                     /home/tammen/.gradle/wrapper/dists/gradle-2.2.1-all/c64ydeuardnfqctvr1gm30w53/gradle-2.2.1/lib/plugins/jatl-0.2.2.jar
7fc484096000-7fc48409b000 r--s 00034000 08:12 533354                     /home/tammen/.gradle/wrapper/dists/gradle-2.2.1-all/c64ydeuardnfqctvr1gm30w53/gradle-2.2.1/lib/plugins/gradle-diagnostics-2.2.1.jar
7fc48409b000-7fc4840a2000 r--s 00090000 08:12 533353                     /home/tammen/.gradle/wrapper/dists/gradle-2.2.1-all/c64ydeuardnfqctvr1gm30w53/gradle-2.2.1/lib/plugins/gradle-build-comparison-2.2.1.jar
7fc4840a2000-7fc4840ae000 r--s 00100000 08:12 533391                     /home/tammen/.gradle/wrapper/dists/gradle-2.2.1-all/c64ydeuardnfqctvr1gm30w53/gradle-2.2.1/lib/plugins/rhino-1.7R3.jar
7fc4840ae000-7fc48411c000 r-xp 00000000 08:02 3024464                    /usr/lib/libpcre.so.1.2.4
7fc48411c000-7fc48431b000 ---p 0006e000 08:02 3024464                    /usr/lib/libpcre.so.1.2.4
7fc48431b000-7fc48431c000 r--p 0006d000 08:02 3024464                    /usr/lib/libpcre.so.1.2.4
7fc48431c000-7fc48431d000 rw-p 0006e000 08:02 3024464                    /usr/lib/libpcre.so.1.2.4
7fc48431d000-7fc484320000 r-xp 00000000 08:02 3024281                    /usr/lib/libgmodule-2.0.so.0.4200.1
7fc484320000-7fc48451f000 ---p 00003000 08:02 3024281                    /usr/lib/libgmodule-2.0.so.0.4200.1
7fc48451f000-7fc484520000 r--p 00002000 08:02 3024281                    /usr/lib/libgmodule-2.0.so.0.4200.1
7fc484520000-7fc484521000 rw-p 00003000 08:02 3024281                    /usr/lib/libgmodule-2.0.so.0.4200.1
7fc484521000-7fc484529000 r-xp 00000000 08:02 3028458                    /usr/lib/libffi.so.6.0.4
7fc484529000-7fc484728000 ---p 00008000 08:02 3028458                    /usr/lib/libffi.so.6.0.4
7fc484728000-7fc484729000 r--p 00007000 08:02 3028458                    /usr/lib/libffi.so.6.0.4
7fc484729000-7fc48472a000 rw-p 00008000 08:02 3028458                    /usr/lib/libffi.so.6.0.4
7fc48472a000-7fc484836000 r-xp 00000000 08:02 3024278                    /usr/lib/libglib-2.0.so.0.4200.1
7fc484836000-7fc484a35000 ---p 0010c000 08:02 3024278                    /usr/lib/libglib-2.0.so.0.4200.1
7fc484a35000-7fc484a36000 r--p 0010b000 08:02 3024278                    /usr/lib/libglib-2.0.so.0.4200.1
7fc484a36000-7fc484a37000 rw-p 0010c000 08:02 3024278                    /usr/lib/libglib-2.0.so.0.4200.1
7fc484a37000-7fc484a38000 rw-p 00000000 00:00 0 
7fc484a38000-7fc484a88000 r-xp 00000000 08:02 3024283                    /usr/lib/libgobject-2.0.so.0.4200.1
7fc484a88000-7fc484c87000 ---p 00050000 08:02 3024283                    /usr/lib/libgobject-2.0.so.0.4200.1
7fc484c87000-7fc484c88000 r--p 0004f000 08:02 3024283                    /usr/lib/libgobject-2.0.so.0.4200.1
7fc484c88000-7fc484c89000 rw-p 00050000 08:02 3024283                    /usr/lib/libgobject-2.0.so.0.4200.1
7fc484c89000-7fc484df8000 r-xp 00000000 08:02 3024284                    /usr/lib/libgio-2.0.so.0.4200.1
7fc484df8000-7fc484ff8000 ---p 0016f000 08:02 3024284                    /usr/lib/libgio-2.0.so.0.4200.1
7fc484ff8000-7fc484ffc000 r--p 0016f000 08:02 3024284                    /usr/lib/libgio-2.0.so.0.4200.1
7fc484ffc000-7fc484ffe000 rw-p 00173000 08:02 3024284                    /usr/lib/libgio-2.0.so.0.4200.1
7fc484ffe000-7fc485000000 rw-p 00000000 00:00 0 
7fc485000000-7fc4852c0000 rwxp 00000000 00:00 0 
7fc4852c0000-7fc488a47000 rw-p 00000000 00:00 0 
7fc488a47000-7fc48c000000 ---p 00000000 00:00 0 
7fc48c000000-7fc48c001000 r--s 00001000 08:12 533369                     /home/tammen/.gradle/wrapper/dists/gradle-2.2.1-all/c64ydeuardnfqctvr1gm30w53/gradle-2.2.1/lib/plugins/gradle-plugin-development-2.2.1.jar
7fc48c001000-7fc48c003000 r--s 0000f000 08:12 533355                     /home/tammen/.gradle/wrapper/dists/gradle-2.2.1-all/c64ydeuardnfqctvr1gm30w53/gradle-2.2.1/lib/plugins/gradle-reporting-2.2.1.jar
7fc48c003000-7fc48c00a000 r--s 00035000 08:12 533393                     /home/tammen/.gradle/wrapper/dists/gradle-2.2.1-all/c64ydeuardnfqctvr1gm30w53/gradle-2.2.1/lib/plugins/simple-4.1.21.jar
7fc48c00a000-7fc48c00f000 r--s 0001f000 08:12 533352                     /home/tammen/.gradle/wrapper/dists/gradle-2.2.1-all/c64ydeuardnfqctvr1gm30w53/gradle-2.2.1/lib/plugins/gradle-javascript-2.2.1.jar
7fc48c00f000-7fc48c011000 r--s 0000e000 08:12 533351                     /home/tammen/.gradle/wrapper/dists/gradle-2.2.1-all/c64ydeuardnfqctvr1gm30w53/gradle-2.2.1/lib/plugins/gradle-ear-2.2.1.jar
7fc48c011000-7fc48c015000 r--s 00025000 08:12 533390                     /home/tammen/.gradle/wrapper/dists/gradle-2.2.1-all/c64ydeuardnfqctvr1gm30w53/gradle-2.2.1/lib/plugins/bcpg-jdk15-1.46.jar
7fc48c015000-7fc48c018000 r--s 0001d000 08:12 533350                     /home/tammen/.gradle/wrapper/dists/gradle-2.2.1-all/c64ydeuardnfqctvr1gm30w53/gradle-2.2.1/lib/plugins/gradle-signing-2.2.1.jar
7fc48c018000-7fc48c019000 r--s 00002000 08:12 533389                     /home/tammen/.gradle/wrapper/dists/gradle-2.2.1-all/c64ydeuardnfqctvr1gm30w53/gradle-2.2.1/lib/plugins/sonar-batch-bootstrapper-2.9.jar
7fc48c019000-7fc48c01c000 r--s 00018000 08:12 533349                     /home/tammen/.gradle/wrapper/dists/gradle-2.2.1-all/c64ydeuardnfqctvr1gm30w53/gradle-2.2.1/lib/plugins/gradle-sonar-2.2.1.jar
7fc48c01c000-7fc48c01f000 r--s 00017000 08:12 533348                     /home/tammen/.gradle/wrapper/dists/gradle-2.2.1-all/c64ydeuardnfqctvr1gm30w53/gradle-2.2.1/lib/plugins/gradle-scala-2.2.1.jar
7fc48c01f000-7fc48c021000 r--s 0000e000 08:12 533347                     /home/tammen/.gradle/wrapper/dists/gradle-2.2.1-all/c64ydeuardnfqctvr1gm30w53/gradle-2.2.1/lib/plugins/gradle-announce-2.2.1.jar
7fc48c021000-7fc48c02f000 r--s 000bc000 08:12 533346                     /home/tammen/.gradle/wrapper/dists/gradle-2.2.1-all/c64ydeuardnfqctvr1gm30w53/gradle-2.2.1/lib/plugins/gradle-ide-2.2.1.jar
7fc48c02f000-7fc48c032000 r--s 0000c000 08:12 533387                     /home/tammen/.gradle/wrapper/dists/gradle-2.2.1-all/c64ydeuardnfqctvr1gm30w53/gradle-2.2.1/lib/plugins/pmaven-groovy-0.8-20100325.jar
7fc48c032000-7fc48c036000 r--s 0001e000 08:12 533345                     /home/tammen/.gradle/wrapper/dists/gradle-2.2.1-all/c64ydeuardnfqctvr1gm30w53/gradle-2.2.1/lib/plugins/gradle-maven-2.2.1.jar
7fc48c036000-7fc48c03a000 r--s 00028000 08:12 533376                     /home/tammen/.gradle/wrapper/dists/gradle-2.2.1-all/c64ydeuardnfqctvr1gm30w53/gradle-2.2.1/lib/plugins/jetty-util-6.1.25.jar
7fc48c03a000-7fc48c03c000 r--s 00000000 08:12 533388                     /home/tammen/.gradle/wrapper/dists/gradle-2.2.1-all/c64ydeuardnfqctvr1gm30w53/gradle-2.2.1/lib/plugins/plexus-component-annotations-1.5.2.jar
7fc48c03c000-7fc48c03d000 r--s 00004000 08:12 533386                     /home/tammen/.gradle/wrapper/dists/gradle-2.2.1-all/c64ydeuardnfqctvr1gm30w53/gradle-2.2.1/lib/plugins/pmaven-common-0.8-20100325.jar
7fc48c03d000-7fc48c055000 r--s 0013b000 08:12 533384                     /home/tammen/.gradle/wrapper/dists/gradle-2.2.1-all/c64ydeuardnfqctvr1gm30w53/gradle-2.2.1/lib/plugins/bndlib-2.1.0.jar
7fc48c055000-7fc48c057000 r--s 00004000 08:12 533344                     /home/tammen/.gradle/wrapper/dists/gradle-2.2.1-all/c64ydeuardnfqctvr1gm30w53/gradle-2.2.1/lib/plugins/gradle-osgi-2.2.1.jar
7fc48c057000-7fc48c05c000 r--s 00068000 08:12 533383                     /home/tammen/.gradle/wrapper/dists/gradle-2.2.1-all/c64ydeuardnfqctvr1gm30w53/gradle-2.2.1/lib/plugins/antlr-2.7.7.jar
7fc48c05c000-7fc48c05d000 r--s 00002000 08:12 533382                     /home/tammen/.gradle/wrapper/dists/gradle-2.2.1-all/c64ydeuardnfqctvr1gm30w53/gradle-2.2.1/lib/plugins/ant-antlr-1.9.3.jar
7fc48c05d000-7fc48c05f000 r--s 00004000 08:12 533343                     /home/tammen/.gradle/wrapper/dists/gradle-2.2.1-all/c64ydeuardnfqctvr1gm30w53/gradle-2.2.1/lib/plugins/gradle-antlr-2.2.1.jar
7fc48c05f000-7fc48c062000 r--s 0001e000 08:12 533405                     /home/tammen/.gradle/wrapper/dists/gradle-2.2.1-all/c64ydeuardnfqctvr1gm30w53/gradle-2.2.1/lib/plugins/jsp-api-2.1-6.1.14.jar
7fc48c062000-7fc48c085000 r--s 00344000 08:12 533404                     /home/tammen/.gradle/wrapper/dists/gradle-2.2.1-all/c64ydeuardnfqctvr1gm30w53/gradle-2.2.1/lib/plugins/core-3.1.1.jar
7fc48c085000-7fc48c086000 r--s 00006000 08:12 533403                     /home/tammen/.gradle/wrapper/dists/gradle-2.2.1-all/c64ydeuardnfqctvr1gm30w53/gradle-2.2.1/lib/plugins/jetty-naming-6.1.25.jar
7fc48c086000-7fc48c087000 r--s 00002000 08:12 533381                     /home/tammen/.gradle/wrapper/dists/gradle-2.2.1-all/c64ydeuardnfqctvr1gm30w53/gradle-2.2.1/lib/plugins/geronimo-annotation_1.0_spec-1.0.jar
7fc48c087000-7fc48c089000 r--s 00002000 08:12 533380                     /home/tammen/.gradle/wrapper/dists/gradle-2.2.1-all/c64ydeuardnfqctvr1gm30w53/gradle-2.2.1/lib/plugins/jetty-annotations-6.1.25.jar
7fc48c089000-7fc48c09a000 r--s 000ea000 08:12 533379                     /home/tammen/.gradle/wrapper/dists/gradle-2.2.1-all/c64ydeuardnfqctvr1gm30w53/gradle-2.2.1/lib/plugins/jsp-2.1-6.1.14.jar
7fc48c09a000-7fc48c09c000 r--s 0000d000 08:12 533378                     /home/tammen/.gradle/wrapper/dists/gradle-2.2.1-all/c64ydeuardnfqctvr1gm30w53/gradle-2.2.1/lib/plugins/jetty-plus-6.1.25.jar
7fc48c09c000-7fc48c09e000 r--s 0001f000 08:12 533377                     /home/tammen/.gradle/wrapper/dists/gradle-2.2.1-all/c64ydeuardnfqctvr1gm30w53/gradle-2.2.1/lib/plugins/servlet-api-2.5-20081211.jar
7fc48c09e000-7fc48c0a5000 r--s 0007d000 08:12 533375                     /home/tammen/.gradle/wrapper/dists/gradle-2.2.1-all/c64ydeuardnfqctvr1gm30w53/gradle-2.2.1/lib/plugins/jetty-6.1.25.jar
7fc48c0a5000-7fc48c0a7000 r--s 00009000 08:12 533342                     /home/tammen/.gradle/wrapper/dists/gradle-2.2.1-all/c64ydeuardnfqctvr1gm30w53/gradle-2.2.1/lib/plugins/gradle-jetty-2.2.1.jar
7fc48c0a7000-7fc48c0ac000 r--s 00041000 08:12 533341                     /home/tammen/.gradle/wrapper/dists/gradle-2.2.1-all/c64ydeuardnfqctvr1gm30w53/gradle-2.2.1/lib/plugins/gradle-code-quality-2.2.1.jar
7fc48c0ac000-7fc48c0ae000 r--s 00009000 08:12 533413                     /home/tammen/.gradle/wrapper/dists/gradle-2.2.1-all/c64ydeuardnfqctvr1gm30w53/gradle-2.2.1/lib/plugins/hamcrest-core-1.3.jar
7fc48c0ae000-7fc48c0b4000 r--s 00033000 08:12 533402                     /home/tammen/.gradle/wrapper/dists/gradle-2.2.1-all/c64ydeuardnfqctvr1gm30w53/gradle-2.2.1/lib/plugins/snakeyaml-1.6.jar
7fc48c0b4000-7fc48c0b6000 r--s 00006000 08:12 533401                     /home/tammen/.gradle/wrapper/dists/gradle-2.2.1-all/c64ydeuardnfqctvr1gm30w53/gradle-2.2.1/lib/plugins/jcommander-1.12.jar
7fc48c0b6000-7fc48c0bb000 r--s 00040000 08:12 533400                     /home/tammen/.gradle/wrapper/dists/gradle-2.2.1-all/c64ydeuardnfqctvr1gm30w53/gradle-2.2.1/lib/plugins/bsh-2.0b4.jar
7fc48c0bb000-7fc48c0bd000 r--s 00009000 08:12 533374                     /home/tammen/.gradle/wrapper/dists/gradle-2.2.1-all/c64ydeuardnfqctvr1gm30w53/gradle-2.2.1/lib/plugins/commons-cli-1.2.jar
7fc48c0bd000-7fc48c0c6000 r--s 00089000 08:12 533373                     /home/tammen/.gradle/wrapper/dists/gradle-2.2.1-all/c64ydeuardnfqctvr1gm30w53/gradle-2.2.1/lib/plugins/testng-6.3.1.jar
7fc48c0c6000-7fc48c0cc000 r--s 00036000 08:12 533372                     /home/tammen/.gradle/wrapper/dists/gradle-2.2.1-all/c64ydeuardnfqctvr1gm30w53/gradle-2.2.1/lib/plugins/junit-4.11.jar
7fc48c0cc000-7fc48c0d8000 r--s 00075000 08:12 533340                     /home/tammen/.gradle/wrapper/dists/gradle-2.2.1-all/c64ydeuardnfqctvr1gm30w53/gradle-2.2.1/lib/plugins/gradle-plugins-2.2.1.jar
7fc48c0d8000-7fc48c0db000 r--s 00011000 08:12 533370                     /home/tammen/.gradle/wrapper/dists/gradle-2.2.1-all/c64ydeuardnfqctvr1gm30w53/gradle-2.2.1/lib/plugins/gradle-plugin-use-2.2.1.jar
7fc48c0db000-7fc48c0f3000 r--s 00115000 08:12 533411                     /home/tammen/.gradle/wrapper/dists/gradle-2.2.1-all/c64ydeuardnfqctvr1gm30w53/gradle-2.2.1/lib/plugins/xercesImpl-2.9.1.jar
7fc48c0f3000-7fc48c0fb000 r--s 00028000 08:12 533412                     /home/tammen/.gradle/wrapper/dists/gradle-2.2.1-all/c64ydeuardnfqctvr1gm30w53/gradle-2.2.1/lib/plugins/xml-apis-1.3.04.jar
7fc48c0fb000-7fc48c101000 r--s 0005b000 08:12 533410                     /home/tammen/.gradle/wrapper/dists/gradle-2.2.1-all/c64ydeuardnfqctvr1gm30w53/gradle-2.2.1/lib/plugins/jcifs-1.3.17.jar
7fc48c101000-7fc48c107000 r--s 00031000 08:12 533409                     /home/tammen/.gradle/wrapper/dists/gradle-2.2.1-all/c64ydeuardnfqctvr1gm30w53/gradle-2.2.1/lib/plugins/httpcore-4.2.2.jar
7fc48c107000-7fc48c10d000 r--s 00033000 08:12 533408                     /home/tammen/.gradle/wrapper/dists/gradle-2.2.1-all/c64ydeuardnfqctvr1gm30w53/gradle-2.2.1/lib/plugins/commons-codec-1.6.jar
7fc48c10d000-7fc48c110000 r--s 0001c000 08:12 533407                     /home/tammen/.gradle/wrapper/dists/gradle-2.2.1-all/c64ydeuardnfqctvr1gm30w53/gradle-2.2.1/lib/plugins/nekohtml-1.9.14.jar
7fc48c110000-7fc48c119000 r--s 00060000 08:12 533406                     /home/tammen/.gradle/wrapper/dists/gradle-2.2.1-all/c64ydeuardnfqctvr1gm30w53/gradle-2.2.1/lib/plugins/httpclient-4.2.2.jar
7fc48c119000-7fc48c11b000 r--s 00007000 08:12 533395                     /home/tammen/.gradle/wrapper/dists/gradle-2.2.1-all/c64ydeuardnfqctvr1gm30w53/gradle-2.2.1/lib/plugins/gradle-resources-http-2.2.1.jar
7fc48c11b000-7fc48c143000 r--s 00194000 08:12 533399                     /home/tammen/.gradle/wrapper/dists/gradle-2.2.1-all/c64ydeuardnfqctvr1gm30w53/gradle-2.2.1/lib/plugins/bcprov-jdk15-1.46.jar
7fc48c143000-7fc48c147000 r--s 0001d000 08:12 533398                     /home/tammen/.gradle/wrapper/dists/gradle-2.2.1-all/c64ydeuardnfqctvr1gm30w53/gradle-2.2.1/lib/plugins/xbean-reflect-3.4.jar
7fc48c147000-7fc48c14c000 r--s 0002a000 08:12 533392                     /home/tammen/.gradle/wrapper/dists/gradle-2.2.1-all/c64ydeuardnfqctvr1gm30w53/gradle-2.2.1/lib/plugins/gson-2.2.4.jar
7fc48c14c000-7fc48c150000 r--s 0003d000 08:12 533397                     /home/tammen/.gradle/wrapper/dists/gradle-2.2.1-all/c64ydeuardnfqctvr1gm30w53/gradle-2.2.1/lib/plugins/jsch-0.1.51.jar
7fc48c150000-7fc48c169000 r--s 00129000 08:12 533385                     /home/tammen/.gradle/wrapper/dists/gradle-2.2.1-all/c64ydeuardnfqctvr1gm30w53/gradle-2.2.1/lib/plugins/maven-ant-tasks-2.1.3.jar
7fc48c169000-7fc48c178000 r--s 000d9000 08:12 533396                     /home/tammen/.gradle/wrapper/dists/gradle-2.2.1-all/c64ydeuardnfqctvr1gm30w53/gradle-2.2.1/lib/plugins/ivy-2.2.0.jar
7fc48c178000-7fc48c17c000 r--s 0001e000 08:12 533339                     /home/tammen/.gradle/wrapper/dists/gradle-2.2.1-all/c64ydeuardnfqctvr1gm30w53/gradle-2.2.1/lib/plugins/jarjar-aether-impl-1.13.1.jar
7fc48c17c000-7fc48c17f000 r--s 00027000 08:12 533338                     /home/tammen/.gradle/wrapper/dists/gradle-2.2.1-all/c64ydeuardnfqctvr1gm30w53/gradle-2.2.1/lib/plugins/jarjar-maven-model-3.0.4.jar
7fc48c17f000-7fc48c182000 r--s 0000b000 08:12 533337                     /home/tammen/.gradle/wrapper/dists/gradle-2.2.1-all/c64ydeuardnfqctvr1gm30w53/gradle-2.2.1/lib/plugins/jarjar-maven-artifact-3.0.4.jar
7fc48c182000-7fc48c186000 r--s 0001e000 08:12 533336                     /home/tammen/.gradle/wrapper/dists/gradle-2.2.1-all/c64ydeuardnfqctvr1gm30w53/gradle-2.2.1/lib/plugins/jarjar-aether-util-1.13.1.jar
7fc48c186000-7fc48c188000 r--s 00007000 08:12 533335                     /home/tammen/.gradle/wrapper/dists/gradle-2.2.1-all/c64ydeuardnfqctvr1gm30w53/gradle-2.2.1/lib/plugins/jarjar-wagon-http-shared4-2.4.jar
7fc48c188000-7fc48c195000 r--s 00083000 08:12 533334                     /home/tammen/.gradle/wrapper/dists/gradle-2.2.1-all/c64ydeuardnfqctvr1gm30w53/gradle-2.2.1/lib/plugins/jarjar-maven-core-3.0.4.jar
7fc48c195000-7fc48c197000 r--s 00003000 08:12 533333                     /home/tammen/.gradle/wrapper/dists/gradle-2.2.1-all/c64ydeuardnfqctvr1gm30w53/gradle-2.2.1/lib/plugins/jarjar-aether-spi-1.13.1.jar
7fc48c197000-7fc48c199000 r--s 00009000 08:12 533332                     /home/tammen/.gradle/wrapper/dists/gradle-2.2.1-all/c64ydeuardnfqctvr1gm30w53/gradle-2.2.1/lib/plugins/jarjar-maven-settings-builder-3.0.4.jar
7fc48c199000-7fc48c19d000 r--s 00014000 08:12 533331                     /home/tammen/.gradle/wrapper/dists/gradle-2.2.1-all/c64ydeuardnfqctvr1gm30w53/gradle-2.2.1/lib/plugins/jarjar-aether-api-1.13.1.jar
7fc48c19d000-7fc48c1a4000 r--s 00042000 08:12 533329                     /home/tammen/.gradle/wrapper/dists/gradle-2.2.1-all/c64ydeuardnfqctvr1gm30w53/gradle-2.2.1/lib/plugins/jarjar-maven-compat-3.0.4.jar
7fc48c1a4000-7fc48c1a6000 r--s 00006000 08:12 533328                     /home/tammen/.gradle/wrapper/dists/gradle-2.2.1-all/c64ydeuardnfqctvr1gm30w53/gradle-2.2.1/lib/plugins/jarjar-aether-connector-wagon-1.13.1.jar
7fc48c1a6000-7fc48c1a8000 r--s 00000000 08:12 533327                     /home/tammen/.gradle/wrapper/dists/gradle-2.2.1-all/c64ydeuardnfqctvr1gm30w53/gradle-2.2.1/lib/plugins/jarjar-plexus-component-annotations-1.5.5.jar
7fc48c1a8000-7fc48c1aa000 r--s 00006000 08:12 533326                     /home/tammen/.gradle/wrapper/dists/gradle-2.2.1-all/c64ydeuardnfqctvr1gm30w53/gradle-2.2.1/lib/plugins/jarjar-plexus-sec-dispatcher-1.3.jar
7fc48c1aa000-7fc48c1af000 r--s 00022000 08:12 533325                     /home/tammen/.gradle/wrapper/dists/gradle-2.2.1-all/c64ydeuardnfqctvr1gm30w53/gradle-2.2.1/lib/plugins/jarjar-maven-model-builder-3.0.4.jar
7fc48c1af000-7fc48c1b1000 r--s 0000b000 08:12 533324                     /home/tammen/.gradle/wrapper/dists/gradle-2.2.1-all/c64ydeuardnfqctvr1gm30w53/gradle-2.2.1/lib/plugins/jarjar-maven-plugin-api-3.0.4.jar
7fc48c1b1000-7fc48c1b4000 r--s 0000a000 08:12 533323                     /home/tammen/.gradle/wrapper/dists/gradle-2.2.1-all/c64ydeuardnfqctvr1gm30w53/gradle-2.2.1/lib/plugins/jarjar-plexus-classworlds-2.4.jar
7fc48c1b4000-7fc48c1b8000 r--s 00035000 08:12 533322                     /home/tammen/.gradle/wrapper/dists/gradle-2.2.1-all/c64ydeuardnfqctvr1gm30w53/gradle-2.2.1/lib/plugins/jarjar-plexus-utils-2.0.6.jar
7fc48c1b8000-7fc48c1ba000 r--s 0000e000 08:12 533321                     /home/tammen/.gradle/wrapper/dists/gradle-2.2.1-all/c64ydeuardnfqctvr1gm30w53/gradle-2.2.1/lib/plugins/jarjar-plexus-interpolation-1.14.jar
7fc48c1ba000-7fc48c1eb000 rw-p 00000000 00:00 0 
7fc48c1eb000-7fc48c1ec000 r--s 00002000 08:12 533330                     /home/tammen/.gradle/wrapper/dists/gradle-2.2.1-all/c64ydeuardnfqctvr1gm30w53/gradle-2.2.1/lib/plugins/jarjar-wagon-http-2.4.jar
7fc48c1ec000-7fc48c1ee000 r--s 00002000 08:12 533320                     /home/tammen/.gradle/wrapper/dists/gradle-2.2.1-all/c64ydeuardnfqctvr1gm30w53/gradle-2.2.1/lib/plugins/jarjar-plexus-cipher-1.7.jar
7fc48c1ee000-7fc48c1f0000 r--s 0000c000 08:12 533319                     /home/tammen/.gradle/wrapper/dists/gradle-2.2.1-all/c64ydeuardnfqctvr1gm30w53/gradle-2.2.1/lib/plugins/jarjar-wagon-provider-api-2.4.jar
7fc48c1f0000-7fc48c1f2000 r--s 0000d000 08:12 533318                     /home/tammen/.gradle/wrapper/dists/gradle-2.2.1-all/c64ydeuardnfqctvr1gm30w53/gradle-2.2.1/lib/plugins/jarjar-maven-aether-provider-3.0.4.jar
7fc48c1f2000-7fc48c1fa000 r--s 00031000 08:12 533317                     /home/tammen/.gradle/wrapper/dists/gradle-2.2.1-all/c64ydeuardnfqctvr1gm30w53/gradle-2.2.1/lib/plugins/jarjar-plexus-container-default-1.5.5.jar
7fc48c1fa000-7fc48c1fb000 r--s 00007000 08:12 533316                     /home/tammen/.gradle/wrapper/dists/gradle-2.2.1-all/c64ydeuardnfqctvr1gm30w53/gradle-2.2.1/lib/plugins/jarjar-maven-repository-metadata-3.0.4.jar
7fc48c1fb000-7fc48c1fc000 r--s 0000b000 08:12 533315                     /home/tammen/.gradle/wrapper/dists/gradle-2.2.1-all/c64ydeuardnfqctvr1gm30w53/gradle-2.2.1/lib/plugins/jarjar-maven-settings-3.0.4.jar
7fc48c1fc000-7fc48c214000 r--s 000b5000 08:12 533371                     /home/tammen/.gradle/wrapper/dists/gradle-2.2.1-all/c64ydeuardnfqctvr1gm30w53/gradle-2.2.1/lib/plugins/gradle-dependency-management-2.2.1.jar
7fc48c214000-7fc48c22b000 r-xp 00000000 08:02 272517                     /usr/lib/jvm/java-7-openjdk/jre/lib/amd64/libnet.so
7fc48c22b000-7fc48c42a000 ---p 00017000 08:02 272517                     /usr/lib/jvm/java-7-openjdk/jre/lib/amd64/libnet.so
7fc48c42a000-7fc48c42b000 rw-p 00016000 08:02 272517                     /usr/lib/jvm/java-7-openjdk/jre/lib/amd64/libnet.so
7fc48c42b000-7fc48c42c000 r--s 00005000 08:12 533266                     /home/tammen/.gradle/wrapper/dists/gradle-2.2.1-all/c64ydeuardnfqctvr1gm30w53/gradle-2.2.1/lib/gradle-wrapper-2.2.1.jar
7fc48c42c000-7fc48c435000 r--s 0002c000 08:12 533271                     /home/tammen/.gradle/wrapper/dists/gradle-2.2.1-all/c64ydeuardnfqctvr1gm30w53/gradle-2.2.1/lib/gradle-tooling-api-2.2.1.jar
7fc48c435000-7fc48c437000 r--s 00002000 08:12 533295                     /home/tammen/.gradle/wrapper/dists/gradle-2.2.1-all/c64ydeuardnfqctvr1gm30w53/gradle-2.2.1/lib/gradle-open-api-2.2.1.jar
7fc48c437000-7fc48c43d000 r--s 00032000 08:12 533297                     /home/tammen/.gradle/wrapper/dists/gradle-2.2.1-all/c64ydeuardnfqctvr1gm30w53/gradle-2.2.1/lib/jaxen-1.1.jar
7fc48c43d000-7fc48c442000 r--s 00048000 08:12 533296                     /home/tammen/.gradle/wrapper/dists/gradle-2.2.1-all/c64ydeuardnfqctvr1gm30w53/gradle-2.2.1/lib/dom4j-1.6.1.jar
7fc48c442000-7fc48c44d000 r--s 00059000 08:12 533270                     /home/tammen/.gradle/wrapper/dists/gradle-2.2.1-all/c64ydeuardnfqctvr1gm30w53/gradle-2.2.1/lib/gradle-ui-2.2.1.jar
7fc48c44d000-7fc48c44f000 r--s 00006000 08:12 533291                     /home/tammen/.gradle/wrapper/dists/gradle-2.2.1-all/c64ydeuardnfqctvr1gm30w53/gradle-2.2.1/lib/gradle-resources-2.2.1.jar
7fc48c44f000-7fc48c451000 r--s 00007000 08:12 533313                     /home/tammen/.gradle/wrapper/dists/gradle-2.2.1-all/c64ydeuardnfqctvr1gm30w53/gradle-2.2.1/lib/objenesis-1.2.jar
7fc48c451000-7fc48c453000 r--s 00000000 08:12 533312                     /home/tammen/.gradle/wrapper/dists/gradle-2.2.1-all/c64ydeuardnfqctvr1gm30w53/gradle-2.2.1/lib/minlog-1.2.jar
7fc48c453000-7fc48c455000 r--s 0000f000 08:12 533311                     /home/tammen/.gradle/wrapper/dists/gradle-2.2.1-all/c64ydeuardnfqctvr1gm30w53/gradle-2.2.1/lib/reflectasm-1.07-shaded.jar
7fc48c455000-7fc48c459000 r--s 00026000 08:12 533302                     /home/tammen/.gradle/wrapper/dists/gradle-2.2.1-all/c64ydeuardnfqctvr1gm30w53/gradle-2.2.1/lib/kryo-2.20.jar
7fc48c459000-7fc48c462000 r--s 00039000 08:12 533290                     /home/tammen/.gradle/wrapper/dists/gradle-2.2.1-all/c64ydeuardnfqctvr1gm30w53/gradle-2.2.1/lib/gradle-messaging-2.2.1.jar
7fc48c462000-7fc48c463000 r--s 00003000 08:12 533310                     /home/tammen/.gradle/wrapper/dists/gradle-2.2.1-all/c64ydeuardnfqctvr1gm30w53/gradle-2.2.1/lib/native-platform-freebsd-amd64-0.10.jar
7fc48c463000-7fc48c464000 r--s 00003000 08:12 533309                     /home/tammen/.gradle/wrapper/dists/gradle-2.2.1-all/c64ydeuardnfqctvr1gm30w53/gradle-2.2.1/lib/native-platform-freebsd-i386-0.10.jar
7fc48c464000-7fc48c465000 r--s 00005000 08:12 533308                     /home/tammen/.gradle/wrapper/dists/gradle-2.2.1-all/c64ydeuardnfqctvr1gm30w53/gradle-2.2.1/lib/native-platform-windows-i386-0.10.jar
7fc48c465000-7fc48c466000 r--s 00005000 08:12 533307                     /home/tammen/.gradle/wrapper/dists/gradle-2.2.1-all/c64ydeuardnfqctvr1gm30w53/gradle-2.2.1/lib/native-platform-windows-amd64-0.10.jar
7fc48c466000-7fc48c467000 r--s 00003000 08:12 533306                     /home/tammen/.gradle/wrapper/dists/gradle-2.2.1-all/c64ydeuardnfqctvr1gm30w53/gradle-2.2.1/lib/native-platform-linux-i386-0.10.jar
7fc48c467000-7fc48c468000 r--s 00003000 08:12 533305                     /home/tammen/.gradle/wrapper/dists/gradle-2.2.1-all/c64ydeuardnfqctvr1gm30w53/gradle-2.2.1/lib/native-platform-linux-amd64-0.10.jar
7fc48c468000-7fc48c469000 r--s 00002000 08:12 533304                     /home/tammen/.gradle/wrapper/dists/gradle-2.2.1-all/c64ydeuardnfqctvr1gm30w53/gradle-2.2.1/lib/native-platform-osx-amd64-0.10.jar
7fc48c469000-7fc48c46a000 r--s 00002000 08:12 533303                     /home/tammen/.gradle/wrapper/dists/gradle-2.2.1-all/c64ydeuardnfqctvr1gm30w53/gradle-2.2.1/lib/native-platform-osx-i386-0.10.jar
7fc48c46a000-7fc48c46c000 r--s 00008000 08:12 533300                     /home/tammen/.gradle/wrapper/dists/gradle-2.2.1-all/c64ydeuardnfqctvr1gm30w53/gradle-2.2.1/lib/jansi-1.2.1.jar
7fc48c46c000-7fc48c46f000 r--s 0000d000 08:12 533299                     /home/tammen/.gradle/wrapper/dists/gradle-2.2.1-all/c64ydeuardnfqctvr1gm30w53/gradle-2.2.1/lib/native-platform-0.10.jar
7fc48c46f000-7fc48c473000 r--s 000e4000 08:12 533298                     /home/tammen/.gradle/wrapper/dists/gradle-2.2.1-all/c64ydeuardnfqctvr1gm30w53/gradle-2.2.1/lib/jna-3.2.7.jar
7fc48c473000-7fc48c475000 r--s 00008000 08:12 533272                     /home/tammen/.gradle/wrapper/dists/gradle-2.2.1-all/c64ydeuardnfqctvr1gm30w53/gradle-2.2.1/lib/gradle-native-2.2.1.jar
7fc48c475000-7fc48c477000 r--s 00005000 08:12 533269                     /home/tammen/.gradle/wrapper/dists/gradle-2.2.1-all/c64ydeuardnfqctvr1gm30w53/gradle-2.2.1/lib/gradle-cli-2.2.1.jar
7fc48c477000-7fc48c479000 r--s 00003000 08:12 533289                     /home/tammen/.gradle/wrapper/dists/gradle-2.2.1-all/c64ydeuardnfqctvr1gm30w53/gradle-2.2.1/lib/gradle-base-services-groovy-2.2.1.jar
7fc48c479000-7fc48c47b000 r--s 0000a000 08:12 533277                     /home/tammen/.gradle/wrapper/dists/gradle-2.2.1-all/c64ydeuardnfqctvr1gm30w53/gradle-2.2.1/lib/gradle-model-groovy-2.2.1.jar
7fc48c47b000-7fc48c47f000 r--s 0001b000 08:12 533276                     /home/tammen/.gradle/wrapper/dists/gradle-2.2.1-all/c64ydeuardnfqctvr1gm30w53/gradle-2.2.1/lib/gradle-model-core-2.2.1.jar
7fc48c47f000-7fc48c480000 r--s 00000000 08:12 533292                     /home/tammen/.gradle/wrapper/dists/gradle-2.2.1-all/c64ydeuardnfqctvr1gm30w53/gradle-2.2.1/lib/gradle-docs-2.2.1.jar
7fc48c480000-7fc48c482000 r--s 00003000 08:12 533294                     /home/tammen/.gradle/wrapper/dists/gradle-2.2.1-all/c64ydeuardnfqctvr1gm30w53/gradle-2.2.1/lib/jcl-over-slf4j-1.7.7.jar
7fc48c482000-7fc48c483000 r--s 00005000 08:12 533293                     /home/tammen/.gradle/wrapper/dists/gradle-2.2.1-all/c64ydeuardnfqctvr1gm30w53/gradle-2.2.1/lib/log4j-over-slf4j-1.7.7.jar
7fc48c483000-7fc48c484000 r--s 00000000 08:12 533288                     /home/tammen/.gradle/wrapper/dists/gradle-2.2.1-all/c64ydeuardnfqctvr1gm30w53/gradle-2.2.1/lib/javax.inject-1.jar
7fc48c484000-7fc48c487000 r--s 0001b000 08:12 533287                     /home/tammen/.gradle/wrapper/dists/gradle-2.2.1-all/c64ydeuardnfqctvr1gm30w53/gradle-2.2.1/lib/jarjar-1.3.jar
7fc48c487000-7fc48c489000 r--s 00000000 08:12 533286                     /home/tammen/.gradle/wrapper/dists/gradle-2.2.1-all/c64ydeuardnfqctvr1gm30w53/gradle-2.2.1/lib/jul-to-slf4j-1.7.7.jar
7fc48c489000-7fc48c48a000 r--s 00000000 08:12 533285                     /home/tammen/.gradle/wrapper/dists/gradle-2.2.1-all/c64ydeuardnfqctvr1gm30w53/gradle-2.2.1/lib/jcip-annotations-1.0.jar
7fc48c48a000-7fc48c490000 r--s 0003b000 08:12 533284                     /home/tammen/.gradle/wrapper/dists/gradle-2.2.1-all/c64ydeuardnfqctvr1gm30w53/gradle-2.2.1/lib/logback-classic-1.0.13.jar
7fc48c490000-7fc48c49a000 r--s 0005d000 08:12 533283                     /home/tammen/.gradle/wrapper/dists/gradle-2.2.1-all/c64ydeuardnfqctvr1gm30w53/gradle-2.2.1/lib/logback-core-1.0.13.jar
7fc48c49a000-7fc48c49f000 r--s 00041000 08:12 533282                     /home/tammen/.gradle/wrapper/dists/gradle-2.2.1-all/c64ydeuardnfqctvr1gm30w53/gradle-2.2.1/lib/commons-lang-2.6.jar
7fc48c49f000-7fc48c4a2000 r--s 00018000 08:12 533281                     /home/tammen/.gradle/wrapper/dists/gradle-2.2.1-all/c64ydeuardnfqctvr1gm30w53/gradle-2.2.1/lib/commons-io-1.4.jar
7fc48c4a2000-7fc48c4b0000 r--s 0007f000 08:12 533280                     /home/tammen/.gradle/wrapper/dists/gradle-2.2.1-all/c64ydeuardnfqctvr1gm30w53/gradle-2.2.1/lib/commons-collections-3.2.1.jar
7fc48c4b0000-7fc48c51b000 r--s 00685000 08:12 533275                     /home/tammen/.gradle/wrapper/dists/gradle-2.2.1-all/c64ydeuardnfqctvr1gm30w53/gradle-2.2.1/lib/groovy-all-2.3.6.jar
7fc48c51b000-7fc48c543000 r--s 001cf000 08:12 533274                     /home/tammen/.gradle/wrapper/dists/gradle-2.2.1-all/c64ydeuardnfqctvr1gm30w53/gradle-2.2.1/lib/guava-jdk5-17.0.jar
7fc48c543000-7fc48c562000 r--s 001cc000 08:12 533279                     /home/tammen/.gradle/wrapper/dists/gradle-2.2.1-all/c64ydeuardnfqctvr1gm30w53/gradle-2.2.1/lib/ant-1.9.3.jar
7fc48c562000-7fc48c593000 r--s 00191000 08:12 533268                     /home/tammen/.gradle/wrapper/dists/gradle-2.2.1-all/c64ydeuardnfqctvr1gm30w53/gradle-2.2.1/lib/gradle-core-2.2.1.jar
7fc48c593000-7fc48c594000 ---p 00000000 00:00 0 
7fc48c594000-7fc48c694000 rw-p 00000000 00:00 0                          [stack:23359]
7fc48c694000-7fc48c697000 ---p 00000000 00:00 0 
7fc48c697000-7fc48c795000 rw-p 00000000 00:00 0                          [stack:23358]
7fc48c795000-7fc48c798000 ---p 00000000 00:00 0 
7fc48c798000-7fc48c896000 rw-p 00000000 00:00 0                          [stack:23357]
7fc48c896000-7fc48c899000 ---p 00000000 00:00 0 
7fc48c899000-7fc48c997000 rw-p 00000000 00:00 0                          [stack:23356]
7fc48c997000-7fc48c99a000 ---p 00000000 00:00 0 
7fc48c99a000-7fc48ca98000 rw-p 00000000 00:00 0                          [stack:23355]
7fc48ca98000-7fc48cc21000 r--p 00000000 08:02 3039692                    /usr/lib/locale/locale-archive
7fc48cc21000-7fc48cc24000 ---p 00000000 00:00 0 
7fc48cc24000-7fc48cd22000 rw-p 00000000 00:00 0                          [stack:23354]
7fc48cd22000-7fc48cd25000 ---p 00000000 00:00 0 
7fc48cd25000-7fc48ce23000 rw-p 00000000 00:00 0                          [stack:23353]
7fc48ce23000-7fc48ce24000 ---p 00000000 00:00 0 
7fc48ce24000-7fc48df21000 rw-p 00000000 00:00 0                          [stack:23352]
7fc48df21000-7fc48e0d2000 r--s 01d23000 08:02 272043                     /usr/lib/jvm/java-7-openjdk/jre/lib/rt.jar
7fc48e0d2000-7fc48e44b000 rw-p 00000000 00:00 0 
7fc48e44b000-7fc48e44c000 ---p 00000000 00:00 0 
7fc48e44c000-7fc48e54c000 rw-p 00000000 00:00 0                          [stack:23351]
7fc48e54c000-7fc48e54d000 ---p 00000000 00:00 0 
7fc48e54d000-7fc48e64d000 rw-p 00000000 00:00 0                          [stack:23350]
7fc48e64d000-7fc48e64e000 ---p 00000000 00:00 0 
7fc48e64e000-7fc48e74e000 rw-p 00000000 00:00 0                          [stack:23349]
7fc48e74e000-7fc48e74f000 ---p 00000000 00:00 0 
7fc48e74f000-7fc48e861000 rw-p 00000000 00:00 0                          [stack:23348]
7fc48e861000-7fc48e8cf000 rw-p 00000000 00:00 0 
7fc48e8cf000-7fc48e8e3000 rw-p 00000000 00:00 0 
7fc48e8e3000-7fc48ea25000 rw-p 00000000 00:00 0 
7fc48ea25000-7fc48ea37000 rw-p 00000000 00:00 0 
7fc48ea37000-7fc48eaa5000 rw-p 00000000 00:00 0 
7fc48eaa5000-7fc48eab9000 rw-p 00000000 00:00 0 
7fc48eab9000-7fc48ebfa000 rw-p 00000000 00:00 0 
7fc48ebfa000-7fc48ec44000 rw-p 00000000 00:00 0 
7fc48ec44000-7fc48eca5000 rw-p 00000000 00:00 0 
7fc48eca5000-7fc48eca6000 rw-p 00000000 00:00 0 
7fc48eca6000-7fc48ecae000 r-xp 00000000 08:02 272516                     /usr/lib/jvm/java-7-openjdk/jre/lib/amd64/libzip.so
7fc48ecae000-7fc48eead000 ---p 00008000 08:02 272516                     /usr/lib/jvm/java-7-openjdk/jre/lib/amd64/libzip.so
7fc48eead000-7fc48eeae000 rw-p 00007000 08:02 272516                     /usr/lib/jvm/java-7-openjdk/jre/lib/amd64/libzip.so
7fc48eeae000-7fc48eeb9000 r-xp 00000000 08:02 3025483                    /usr/lib/libnss_files-2.21.so
7fc48eeb9000-7fc48f0b9000 ---p 0000b000 08:02 3025483                    /usr/lib/libnss_files-2.21.so
7fc48f0b9000-7fc48f0ba000 r--p 0000b000 08:02 3025483                    /usr/lib/libnss_files-2.21.so
7fc48f0ba000-7fc48f0bb000 rw-p 0000c000 08:02 3025483                    /usr/lib/libnss_files-2.21.so
7fc48f0bb000-7fc48f0e7000 r-xp 00000000 08:02 272515                     /usr/lib/jvm/java-7-openjdk/jre/lib/amd64/libjava.so
7fc48f0e7000-7fc48f2e6000 ---p 0002c000 08:02 272515                     /usr/lib/jvm/java-7-openjdk/jre/lib/amd64/libjava.so
7fc48f2e6000-7fc48f2e8000 rw-p 0002b000 08:02 272515                     /usr/lib/jvm/java-7-openjdk/jre/lib/amd64/libjava.so
7fc48f2e8000-7fc48f2f5000 r-xp 00000000 08:02 272514                     /usr/lib/jvm/java-7-openjdk/jre/lib/amd64/libverify.so
7fc48f2f5000-7fc48f4f4000 ---p 0000d000 08:02 272514                     /usr/lib/jvm/java-7-openjdk/jre/lib/amd64/libverify.so
7fc48f4f4000-7fc48f4f6000 rw-p 0000c000 08:02 272514                     /usr/lib/jvm/java-7-openjdk/jre/lib/amd64/libverify.so
7fc48f4f6000-7fc48f4fd000 r-xp 00000000 08:02 3025531                    /usr/lib/librt-2.21.so
7fc48f4fd000-7fc48f6fc000 ---p 00007000 08:02 3025531                    /usr/lib/librt-2.21.so
7fc48f6fc000-7fc48f6fd000 r--p 00006000 08:02 3025531                    /usr/lib/librt-2.21.so
7fc48f6fd000-7fc48f6fe000 rw-p 00007000 08:02 3025531                    /usr/lib/librt-2.21.so
7fc48f6fe000-7fc48f714000 r-xp 00000000 08:02 3024515                    /usr/lib/libgcc_s.so.1
7fc48f714000-7fc48f913000 ---p 00016000 08:02 3024515                    /usr/lib/libgcc_s.so.1
7fc48f913000-7fc48f914000 rw-p 00015000 08:02 3024515                    /usr/lib/libgcc_s.so.1
7fc48f914000-7fc48fa17000 r-xp 00000000 08:02 3025846                    /usr/lib/libm-2.21.so
7fc48fa17000-7fc48fc17000 ---p 00103000 08:02 3025846                    /usr/lib/libm-2.21.so
7fc48fc17000-7fc48fc18000 r--p 00103000 08:02 3025846                    /usr/lib/libm-2.21.so
7fc48fc18000-7fc48fc19000 rw-p 00104000 08:02 3025846                    /usr/lib/libm-2.21.so
7fc48fc19000-7fc48fd09000 r-xp 00000000 08:02 3025791                    /usr/lib/libstdc++.so.6.0.20
7fc48fd09000-7fc48ff09000 ---p 000f0000 08:02 3025791                    /usr/lib/libstdc++.so.6.0.20
7fc48ff09000-7fc48ff11000 r--p 000f0000 08:02 3025791                    /usr/lib/libstdc++.so.6.0.20
7fc48ff11000-7fc48ff13000 rw-p 000f8000 08:02 3025791                    /usr/lib/libstdc++.so.6.0.20
7fc48ff13000-7fc48ff28000 rw-p 00000000 00:00 0 
7fc48ff28000-7fc490a72000 r-xp 00000000 08:02 272548                     /usr/lib/jvm/java-7-openjdk/jre/lib/amd64/server/libjvm.so
7fc490a72000-7fc490c72000 ---p 00b4a000 08:02 272548                     /usr/lib/jvm/java-7-openjdk/jre/lib/amd64/server/libjvm.so
7fc490c72000-7fc490d34000 rw-p 00b4a000 08:02 272548                     /usr/lib/jvm/java-7-openjdk/jre/lib/amd64/server/libjvm.so
7fc490d34000-7fc490d60000 rw-p 00000000 00:00 0 
7fc490d60000-7fc490d75000 r-xp 00000000 08:02 3026078                    /usr/lib/libz.so.1.2.8
7fc490d75000-7fc490f74000 ---p 00015000 08:02 3026078                    /usr/lib/libz.so.1.2.8
7fc490f74000-7fc490f75000 r--p 00014000 08:02 3026078                    /usr/lib/libz.so.1.2.8
7fc490f75000-7fc490f76000 rw-p 00015000 08:02 3026078                    /usr/lib/libz.so.1.2.8
7fc490f76000-7fc49110f000 r-xp 00000000 08:02 3025498                    /usr/lib/libc-2.21.so
7fc49110f000-7fc49130f000 ---p 00199000 08:02 3025498                    /usr/lib/libc-2.21.so
7fc49130f000-7fc491313000 r--p 00199000 08:02 3025498                    /usr/lib/libc-2.21.so
7fc491313000-7fc491315000 rw-p 0019d000 08:02 3025498                    /usr/lib/libc-2.21.so
7fc491315000-7fc491319000 rw-p 00000000 00:00 0 
7fc491319000-7fc49131b000 r-xp 00000000 08:02 3025591                    /usr/lib/libdl-2.21.so
7fc49131b000-7fc49151b000 ---p 00002000 08:02 3025591                    /usr/lib/libdl-2.21.so
7fc49151b000-7fc49151c000 r--p 00002000 08:02 3025591                    /usr/lib/libdl-2.21.so
7fc49151c000-7fc49151d000 rw-p 00003000 08:02 3025591                    /usr/lib/libdl-2.21.so
7fc49151d000-7fc49152a000 r-xp 00000000 08:02 272544                     /usr/lib/jvm/java-7-openjdk/jre/lib/amd64/jli/libjli.so
7fc49152a000-7fc491729000 ---p 0000d000 08:02 272544                     /usr/lib/jvm/java-7-openjdk/jre/lib/amd64/jli/libjli.so
7fc491729000-7fc49172a000 rw-p 0000c000 08:02 272544                     /usr/lib/jvm/java-7-openjdk/jre/lib/amd64/jli/libjli.so
7fc49172a000-7fc491742000 r-xp 00000000 08:02 3025528                    /usr/lib/libpthread-2.21.so
7fc491742000-7fc491941000 ---p 00018000 08:02 3025528                    /usr/lib/libpthread-2.21.so
7fc491941000-7fc491942000 r--p 00017000 08:02 3025528                    /usr/lib/libpthread-2.21.so
7fc491942000-7fc491943000 rw-p 00018000 08:02 3025528                    /usr/lib/libpthread-2.21.so
7fc491943000-7fc491947000 rw-p 00000000 00:00 0 
7fc491947000-7fc491969000 r-xp 00000000 08:02 3025804                    /usr/lib/ld-2.21.so
7fc491969000-7fc49196e000 r--s 00036000 08:12 533278                     /home/tammen/.gradle/wrapper/dists/gradle-2.2.1-all/c64ydeuardnfqctvr1gm30w53/gradle-2.2.1/lib/asm-all-5.0.3.jar
7fc49196e000-7fc491970000 r--s 00006000 08:12 533273                     /home/tammen/.gradle/wrapper/dists/gradle-2.2.1-all/c64ydeuardnfqctvr1gm30w53/gradle-2.2.1/lib/slf4j-api-1.7.7.jar
7fc491970000-7fc491971000 r--s 00004000 08:12 533301                     /home/tammen/.gradle/wrapper/dists/gradle-2.2.1-all/c64ydeuardnfqctvr1gm30w53/gradle-2.2.1/lib/ant-launcher-1.9.3.jar
7fc491971000-7fc491979000 r--s 0003c000 08:12 533265                     /home/tammen/.gradle/wrapper/dists/gradle-2.2.1-all/c64ydeuardnfqctvr1gm30w53/gradle-2.2.1/lib/gradle-launcher-2.2.1.jar
7fc491979000-7fc491984000 rw-p 00000000 00:00 0 
7fc491984000-7fc491a39000 rw-p 00000000 00:00 0 
7fc491a39000-7fc491a3c000 ---p 00000000 00:00 0 
7fc491a3c000-7fc491b3e000 rw-p 00000000 00:00 0                          [stack:23347]
7fc491b3e000-7fc491b44000 r--s 00026000 08:12 533267                     /home/tammen/.gradle/wrapper/dists/gradle-2.2.1-all/c64ydeuardnfqctvr1gm30w53/gradle-2.2.1/lib/gradle-base-services-2.2.1.jar
7fc491b44000-7fc491b5d000 rw-p 00000000 00:00 0 
7fc491b5d000-7fc491b65000 rw-s 00000000 00:21 32                         /tmp/hsperfdata_tammen/23344
7fc491b65000-7fc491b66000 rw-p 00000000 00:00 0 
7fc491b66000-7fc491b67000 ---p 00000000 00:00 0 
7fc491b67000-7fc491b68000 rw-p 00000000 00:00 0 
7fc491b68000-7fc491b69000 r--p 00021000 08:02 3025804                    /usr/lib/ld-2.21.so
7fc491b69000-7fc491b6a000 rw-p 00022000 08:02 3025804                    /usr/lib/ld-2.21.so
7fc491b6a000-7fc491b6b000 rw-p 00000000 00:00 0 
7fff5fc65000-7fff5fc86000 rw-p 00000000 00:00 0                          [stack]
7fff5fd6b000-7fff5fd6d000 r--p 00000000 00:00 0                          [vvar]
7fff5fd6d000-7fff5fd6f000 r-xp 00000000 00:00 0                          [vdso]
ffffffffff600000-ffffffffff601000 r-xp 00000000 00:00 0                  [vsyscall]

VM Arguments:
jvm_args: -XX:MaxPermSize=256m -XX:+HeapDumpOnOutOfMemoryError -Xmx1024m -Dfile.encoding=UTF-8 -Duser.country=AU -Duser.language=en -Duser.variant 
java_command: org.gradle.launcher.daemon.bootstrap.GradleDaemon 2.2.1 /home/tammen/.gradle/daemon 10800000 c714506f-f08c-48bd-85ad-a5f6dd264517 -XX:MaxPermSize=256m -XX:+HeapDumpOnOutOfMemoryError -Xmx1024m -Dfile.encoding=UTF-8 -Duser.country=AU -Duser.language=en -Duser.variant
Launcher Type: SUN_STANDARD

Environment Variables:
CLASSPATH=/opt/android-studio/bin/../lib/bootstrap.jar:/opt/android-studio/bin/../lib/extensions.jar:/opt/android-studio/bin/../lib/util.jar:/opt/android-studio/bin/../lib/jdom.jar:/opt/android-studio/bin/../lib/log4j.jar:/opt/android-studio/bin/../lib/trove4j.jar:/opt/android-studio/bin/../lib/jna.jar:/usr/lib/jvm/java-7-openjdk/lib/tools.jar
PATH=/usr/local/sbin:/usr/local/bin:/usr/bin:/home/tammen/.config/bspwm:/opt/android-sdk/platform-tools:/opt/android-sdk/tools:/usr/lib/jvm/default/bin:/usr/bin/site_perl:/usr/bin/vendor_perl:/usr/bin/core_perl
LD_LIBRARY_PATH=/opt/android-studio/bin:
SHELL=/bin/bash
DISPLAY=:0

Signal Handlers:
SIGSEGV: [libjvm.so+0x97eaa0], sa_mask[0]=0x7ffbfeff, sa_flags=0x10000004
SIGBUS: [libjvm.so+0x97eaa0], sa_mask[0]=0x7ffbfeff, sa_flags=0x10000004
SIGFPE: [libjvm.so+0x7ece30], sa_mask[0]=0x7ffbfeff, sa_flags=0x10000004
SIGPIPE: [libjvm.so+0x7ece30], sa_mask[0]=0x7ffbfeff, sa_flags=0x10000004
SIGXFSZ: [libjvm.so+0x7ece30], sa_mask[0]=0x7ffbfeff, sa_flags=0x10000004
SIGILL: [libjvm.so+0x7ece30], sa_mask[0]=0x7ffbfeff, sa_flags=0x10000004
SIGUSR1: SIG_DFL, sa_mask[0]=0x00000000, sa_flags=0x00000000
SIGUSR2: [libjvm.so+0x7eccb0], sa_mask[0]=0x00000004, sa_flags=0x10000004
SIGHUP: [libjvm.so+0x7eceb0], sa_mask[0]=0x7ffbfeff, sa_flags=0x10000004
SIGINT: SIG_IGN, sa_mask[0]=0x00000000, sa_flags=0x00000000
SIGTERM: [libjvm.so+0x7eceb0], sa_mask[0]=0x7ffbfeff, sa_flags=0x10000004
SIGQUIT: [libjvm.so+0x7eceb0], sa_mask[0]=0x7ffbfeff, sa_flags=0x10000004
SIGTRAP: SIG_DFL, sa_mask[0]=0x00000000, sa_flags=0x00000000


---------------  S Y S T E M  ---------------

OS:ManjaroLinux 0.8.12 (Ascella)
uname:Linux 3.18.7-1-MANJARO #1 SMP PREEMPT Thu Feb 12 01:58:05 UTC 2015 x86_64
libc:glibc 2.21 NPTL 2.21 
rlimit: STACK 8192k, CORE 0k, NPROC 14816, NOFILE 4096, AS infinity
load average:2.67 3.26 2.12

/proc/meminfo:
MemTotal:        3864888 kB
MemFree:          113748 kB
MemAvailable:      84024 kB
Buffers:            7868 kB
Cached:          1700256 kB
SwapCached:            0 kB
Active:          2066316 kB
Inactive:        1535756 kB
Active(anon):    2025848 kB
Inactive(anon):  1495896 kB
Active(file):      40468 kB
Inactive(file):    39860 kB
Unevictable:       15700 kB
Mlocked:           15700 kB
SwapTotal:             0 kB
SwapFree:              0 kB
Dirty:                68 kB
Writeback:             0 kB
AnonPages:       1911908 kB
Mapped:            97316 kB
Shmem:           1621416 kB
Slab:              51640 kB
SReclaimable:      29168 kB
SUnreclaim:        22472 kB
KernelStack:        5280 kB
PageTables:        15520 kB
NFS_Unstable:          0 kB
Bounce:                0 kB
WritebackTmp:          0 kB
CommitLimit:     1932444 kB
Committed_AS:    4477896 kB
VmallocTotal:   34359738367 kB
VmallocUsed:      560100 kB
VmallocChunk:   34359164988 kB
HardwareCorrupted:     0 kB
AnonHugePages:   1445888 kB
HugePages_Total:       0
HugePages_Free:        0
HugePages_Rsvd:        0
HugePages_Surp:        0
Hugepagesize:       2048 kB
DirectMap4k:       65280 kB
DirectMap2M:     3940352 kB


CPU:total 4 (2 cores per cpu, 2 threads per core) family 6 model 58 stepping 9, cmov, cx8, fxsr, mmx, sse, sse2, sse3, ssse3, sse4.1, sse4.2, popcnt, avx, aes, erms, ht, tsc, tscinvbit, tscinv

/proc/cpuinfo:
processor	: 0
vendor_id	: GenuineIntel
cpu family	: 6
model		: 58
model name	: Intel(R) Core(TM) i7-3517U CPU @ 1.90GHz
stepping	: 9
microcode	: 0x1b
cpu MHz		: 2799.937
cache size	: 4096 KB
physical id	: 0
siblings	: 4
core id		: 0
cpu cores	: 2
apicid		: 0
initial apicid	: 0
fpu		: yes
fpu_exception	: yes
cpuid level	: 13
wp		: yes
flags		: fpu vme de pse tsc msr pae mce cx8 apic sep mtrr pge mca cmov pat pse36 clflush dts acpi mmx fxsr sse sse2 ss ht tm pbe syscall nx rdtscp lm constant_tsc arch_perfmon pebs bts rep_good nopl xtopology nonstop_tsc aperfmperf eagerfpu pni pclmulqdq dtes64 monitor ds_cpl vmx est tm2 ssse3 cx16 xtpr pdcm pcid sse4_1 sse4_2 x2apic popcnt tsc_deadline_timer aes xsave avx f16c rdrand lahf_lm ida arat epb pln pts dtherm tpr_shadow vnmi flexpriority ept vpid fsgsbase smep erms xsaveopt
bugs		:
bogomips	: 4790.34
clflush size	: 64
cache_alignment	: 64
address sizes	: 36 bits physical, 48 bits virtual
power management:

processor	: 1
vendor_id	: GenuineIntel
cpu family	: 6
model		: 58
model name	: Intel(R) Core(TM) i7-3517U CPU @ 1.90GHz
stepping	: 9
microcode	: 0x1b
cpu MHz		: 2799.937
cache size	: 4096 KB
physical id	: 0
siblings	: 4
core id		: 0
cpu cores	: 2
apicid		: 1
initial apicid	: 1
fpu		: yes
fpu_exception	: yes
cpuid level	: 13
wp		: yes
flags		: fpu vme de pse tsc msr pae mce cx8 apic sep mtrr pge mca cmov pat pse36 clflush dts acpi mmx fxsr sse sse2 ss ht tm pbe syscall nx rdtscp lm constant_tsc arch_perfmon pebs bts rep_good nopl xtopology nonstop_tsc aperfmperf eagerfpu pni pclmulqdq dtes64 monitor ds_cpl vmx est tm2 ssse3 cx16 xtpr pdcm pcid sse4_1 sse4_2 x2apic popcnt tsc_deadline_timer aes xsave avx f16c rdrand lahf_lm ida arat epb pln pts dtherm tpr_shadow vnmi flexpriority ept vpid fsgsbase smep erms xsaveopt
bugs		:
bogomips	: 4790.34
clflush size	: 64
cache_alignment	: 64
address sizes	: 36 bits physical, 48 bits virtual
power management:

processor	: 2
vendor_id	: GenuineIntel
cpu family	: 6
model		: 58
model name	: Intel(R) Core(TM) i7-3517U CPU @ 1.90GHz
stepping	: 9
microcode	: 0x1b
cpu MHz		: 2799.937
cache size	: 4096 KB
physical id	: 0
siblings	: 4
core id		: 1
cpu cores	: 2
apicid		: 2
initial apicid	: 2
fpu		: yes
fpu_exception	: yes
cpuid level	: 13
wp		: yes
flags		: fpu vme de pse tsc msr pae mce cx8 apic sep mtrr pge mca cmov pat pse36 clflush dts acpi mmx fxsr sse sse2 ss ht tm pbe syscall nx rdtscp lm constant_tsc arch_perfmon pebs bts rep_good nopl xtopology nonstop_tsc aperfmperf eagerfpu pni pclmulqdq dtes64 monitor ds_cpl vmx est tm2 ssse3 cx16 xtpr pdcm pcid sse4_1 sse4_2 x2apic popcnt tsc_deadline_timer aes xsave avx f16c rdrand lahf_lm ida arat epb pln pts dtherm tpr_shadow vnmi flexpriority ept vpid fsgsbase smep erms xsaveopt
bugs		:
bogomips	: 4790.34
clflush size	: 64
cache_alignment	: 64
address sizes	: 36 bits physical, 48 bits virtual
power management:

processor	: 3
vendor_id	: GenuineIntel
cpu family	: 6
model		: 58
model name	: Intel(R) Core(TM) i7-3517U CPU @ 1.90GHz
stepping	: 9
microcode	: 0x1b
cpu MHz		: 2799.937
cache size	: 4096 KB
physical id	: 0
siblings	: 4
core id		: 1
cpu cores	: 2
apicid		: 3
initial apicid	: 3
fpu		: yes
fpu_exception	: yes
cpuid level	: 13
wp		: yes
flags		: fpu vme de pse tsc msr pae mce cx8 apic sep mtrr pge mca cmov pat pse36 clflush dts acpi mmx fxsr sse sse2 ss ht tm pbe syscall nx rdtscp lm constant_tsc arch_perfmon pebs bts rep_good nopl xtopology nonstop_tsc aperfmperf eagerfpu pni pclmulqdq dtes64 monitor ds_cpl vmx est tm2 ssse3 cx16 xtpr pdcm pcid sse4_1 sse4_2 x2apic popcnt tsc_deadline_timer aes xsave avx f16c rdrand lahf_lm ida arat epb pln pts dtherm tpr_shadow vnmi flexpriority ept vpid fsgsbase smep erms xsaveopt
bugs		:
bogomips	: 4790.34
clflush size	: 64
cache_alignment	: 64
address sizes	: 36 bits physical, 48 bits virtual
power management:



Memory: 4k page, physical 3864888k(113748k free), swap 0k(0k free)

vm_info: OpenJDK 64-Bit Server VM (24.75-b04) for linux-amd64 JRE (1.7.0_75-b13), built on Jan 23 2015 11:04:40 by "builduser" with gcc 4.9.2 20141224 (prerelease)

time: Tue Mar  3 13:06:35 2015
elapsed time: 6 seconds

